17:54:20:906  INFO 18656 --- [main] com.hmall.pay.PayApplication             : The following 1 profile is active: "local"
17:54:23:377  INFO 18656 --- [main] o.s.cloud.context.scope.GenericScope     : BeanFactory id=d3a6ece8-936c-3d78-a8cf-8523f65f2474
17:54:23:525  INFO 18656 --- [main] trationDelegate$BeanPostProcessorChecker : Bean 'io.seata.spring.boot.autoconfigure.SeataCoreAutoConfiguration' of type [io.seata.spring.boot.autoconfigure.SeataCoreAutoConfiguration] is not eligible for getting processed by all BeanPostProcessors (for example: not eligible for auto-proxying)
17:54:23:525  INFO 18656 --- [main] trationDelegate$BeanPostProcessorChecker : Bean 'springApplicationContextProvider' of type [io.seata.spring.boot.autoconfigure.provider.SpringApplicationContextProvider] is not eligible for getting processed by all BeanPostProcessors (for example: not eligible for auto-proxying)
17:54:23:528  INFO 18656 --- [main] trationDelegate$BeanPostProcessorChecker : Bean 'io.seata.spring.boot.autoconfigure.SeataAutoConfiguration' of type [io.seata.spring.boot.autoconfigure.SeataAutoConfiguration] is not eligible for getting processed by all BeanPostProcessors (for example: not eligible for auto-proxying)
17:54:23:632  INFO 18656 --- [main] trationDelegate$BeanPostProcessorChecker : Bean 'failureHandler' of type [io.seata.tm.api.DefaultFailureHandlerImpl] is not eligible for getting processed by all BeanPostProcessors (for example: not eligible for auto-proxying)
17:54:23:639  INFO 18656 --- [main] trationDelegate$BeanPostProcessorChecker : Bean 'org.springframework.cloud.commons.config.CommonsConfigAutoConfiguration' of type [org.springframework.cloud.commons.config.CommonsConfigAutoConfiguration] is not eligible for getting processed by all BeanPostProcessors (for example: not eligible for auto-proxying)
17:54:23:641  INFO 18656 --- [main] trationDelegate$BeanPostProcessorChecker : Bean 'org.springframework.cloud.client.loadbalancer.LoadBalancerDefaultMappingsProviderAutoConfiguration' of type [org.springframework.cloud.client.loadbalancer.LoadBalancerDefaultMappingsProviderAutoConfiguration] is not eligible for getting processed by all BeanPostProcessors (for example: not eligible for auto-proxying)
17:54:23:641  INFO 18656 --- [main] trationDelegate$BeanPostProcessorChecker : Bean 'loadBalancerClientsDefaultsMappingsProvider' of type [org.springframework.cloud.client.loadbalancer.LoadBalancerDefaultMappingsProviderAutoConfiguration$$Lambda$657/0x00000007c0a17840] is not eligible for getting processed by all BeanPostProcessors (for example: not eligible for auto-proxying)
17:54:23:642  INFO 18656 --- [main] trationDelegate$BeanPostProcessorChecker : Bean 'defaultsBindHandlerAdvisor' of type [org.springframework.cloud.commons.config.DefaultsBindHandlerAdvisor] is not eligible for getting processed by all BeanPostProcessors (for example: not eligible for auto-proxying)
17:54:23:648  INFO 18656 --- [main] trationDelegate$BeanPostProcessorChecker : Bean 'springCloudAlibabaConfiguration' of type [io.seata.spring.boot.autoconfigure.properties.SpringCloudAlibabaConfiguration] is not eligible for getting processed by all BeanPostProcessors (for example: not eligible for auto-proxying)
17:54:23:650  INFO 18656 --- [main] trationDelegate$BeanPostProcessorChecker : Bean 'seataProperties' of type [io.seata.spring.boot.autoconfigure.properties.SeataProperties] is not eligible for getting processed by all BeanPostProcessors (for example: not eligible for auto-proxying)
17:54:23:653  INFO 18656 --- [main] i.s.s.b.a.SeataAutoConfiguration         : Automatically configure Seata
17:54:23:770  INFO 18656 --- [main] io.seata.config.ConfigurationFactory     : load Configuration from :Spring Configuration
17:54:23:779  INFO 18656 --- [main] io.seata.config.ConfigurationFactory     : load Configuration from :Spring Configuration
17:54:23:955  INFO 18656 --- [main] i.s.s.a.GlobalTransactionScanner         : Initializing Global Transaction Clients ... 
17:54:24:113  INFO 18656 --- [main] i.s.core.rpc.netty.NettyClientBootstrap  : NettyClientBootstrap has started
17:54:24:374  INFO 18656 --- [main] com.alibaba.nacos.common.remote.client   : [RpcClientFactory] create a new rpc client of 27fc3e30-9e0f-41aa-a41b-437887fbf2d1
17:54:24:374  INFO 18656 --- [main] com.alibaba.nacos.common.remote.client   : [27fc3e30-9e0f-41aa-a41b-437887fbf2d1] RpcClient init label, labels = {module=naming, source=sdk}
17:54:24:379  INFO 18656 --- [main] com.alibaba.nacos.common.remote.client   : [27fc3e30-9e0f-41aa-a41b-437887fbf2d1] RpcClient init, ServerListFactory = com.alibaba.nacos.client.naming.core.ServerListManager
17:54:24:379  INFO 18656 --- [main] com.alibaba.nacos.common.remote.client   : [27fc3e30-9e0f-41aa-a41b-437887fbf2d1] Registry connection listener to current client:com.alibaba.nacos.client.naming.remote.gprc.redo.NamingGrpcRedoService
17:54:24:380  INFO 18656 --- [main] com.alibaba.nacos.common.remote.client   : [27fc3e30-9e0f-41aa-a41b-437887fbf2d1] Register server push request handler:com.alibaba.nacos.client.naming.remote.gprc.NamingPushRequestHandler
17:54:24:381  INFO 18656 --- [main] com.alibaba.nacos.common.remote.client   : [27fc3e30-9e0f-41aa-a41b-437887fbf2d1] Try to connect to server on start up, server: {serverIp = '192.168.254.128', server main port = 8848}
17:54:24:510  INFO 18656 --- [main] com.alibaba.nacos.common.remote.client   : [27fc3e30-9e0f-41aa-a41b-437887fbf2d1] Success to connect to server [192.168.254.128:8848] on start up, connectionId = 1740131664253_192.168.254.1_53505
17:54:24:510  INFO 18656 --- [com.alibaba.nacos.client.remote.worker] com.alibaba.nacos.common.remote.client   : [27fc3e30-9e0f-41aa-a41b-437887fbf2d1] Notify connected event to listeners.
17:54:24:510  INFO 18656 --- [main] com.alibaba.nacos.common.remote.client   : [27fc3e30-9e0f-41aa-a41b-437887fbf2d1] Register server push request handler:com.alibaba.nacos.common.remote.client.RpcClient$ConnectResetRequestHandler
17:54:24:511  INFO 18656 --- [main] com.alibaba.nacos.common.remote.client   : [27fc3e30-9e0f-41aa-a41b-437887fbf2d1] Register server push request handler:com.alibaba.nacos.common.remote.client.RpcClient$$Lambda$563/0x00000007c0751040
17:54:24:582 ERROR 18656 --- [main] i.s.c.r.netty.NettyClientChannelManager  : no available service found in cluster 'default', please make sure registry config correct and keep your seata server running
17:54:24:583  INFO 18656 --- [main] i.s.s.a.GlobalTransactionScanner         : Transaction Manager Client is initialized. applicationId[pay-service] txServiceGroup[hmall]
17:54:24:612  INFO 18656 --- [main] io.seata.rm.datasource.AsyncWorker       : Async Commit Buffer Limit: 10000
17:54:24:614  INFO 18656 --- [main] i.s.rm.datasource.xa.ResourceManagerXA   : ResourceManagerXA init ...
17:54:24:637  INFO 18656 --- [main] i.s.core.rpc.netty.NettyClientBootstrap  : NettyClientBootstrap has started
17:54:24:638  INFO 18656 --- [main] i.s.s.a.GlobalTransactionScanner         : Resource Manager is initialized. applicationId[pay-service] txServiceGroup[hmall]
17:54:24:638  INFO 18656 --- [main] i.s.s.a.GlobalTransactionScanner         : Global Transaction Clients are initialized. 
17:54:24:642  INFO 18656 --- [main] trationDelegate$BeanPostProcessorChecker : Bean 'io.seata.spring.boot.autoconfigure.SeataDataSourceAutoConfiguration' of type [io.seata.spring.boot.autoconfigure.SeataDataSourceAutoConfiguration] is not eligible for getting processed by all BeanPostProcessors (for example: not eligible for auto-proxying)
17:54:25:110  INFO 18656 --- [nacos-grpc-client-executor-6] com.alibaba.nacos.common.remote.client   : [27fc3e30-9e0f-41aa-a41b-437887fbf2d1] Receive server push request, request = NotifySubscriberRequest, requestId = 9
17:54:25:113  INFO 18656 --- [nacos-grpc-client-executor-6] com.alibaba.nacos.common.remote.client   : [27fc3e30-9e0f-41aa-a41b-437887fbf2d1] Ack server push request, request = NotifySubscriberRequest, requestId = 9
17:54:25:221  INFO 18656 --- [main] trationDelegate$BeanPostProcessorChecker : Bean 'com.alibaba.cloud.seata.feign.SeataFeignClientAutoConfiguration$FeignBeanPostProcessorConfiguration' of type [com.alibaba.cloud.seata.feign.SeataFeignClientAutoConfiguration$FeignBeanPostProcessorConfiguration] is not eligible for getting processed by all BeanPostProcessors (for example: not eligible for auto-proxying)
17:54:25:227  INFO 18656 --- [main] trationDelegate$BeanPostProcessorChecker : Bean 'seataFeignObjectWrapper' of type [com.alibaba.cloud.seata.feign.SeataFeignObjectWrapper] is not eligible for getting processed by all BeanPostProcessors (for example: not eligible for auto-proxying)
17:54:26:216  INFO 18656 --- [main] o.s.b.w.embedded.tomcat.TomcatWebServer  : Tomcat initialized with port(s): 8087 (http)
17:54:26:279  INFO 18656 --- [main] o.apache.catalina.core.StandardService   : Starting service [Tomcat]
17:54:26:279  INFO 18656 --- [main] org.apache.catalina.core.StandardEngine  : Starting Servlet engine: [Apache Tomcat/9.0.75]
17:54:26:590  INFO 18656 --- [main] o.a.c.c.C.[Tomcat].[localhost].[/]       : Initializing Spring embedded WebApplicationContext
17:54:26:591  INFO 18656 --- [main] w.s.c.ServletWebServerApplicationContext : Root WebApplicationContext: initialization completed in 5645 ms
17:54:27:225  INFO 18656 --- [main] o.s.c.openfeign.FeignClientFactoryBean   : For 'user-service' URL not provided. Will try picking an instance via load-balancing.
17:54:28:118  INFO 18656 --- [main] com.zaxxer.hikari.HikariDataSource       : HikariPool-1 - Starting...
17:54:28:537  INFO 18656 --- [main] com.zaxxer.hikari.HikariDataSource       : HikariPool-1 - Start completed.
17:54:28:635 ERROR 18656 --- [main] i.s.c.r.netty.NettyClientChannelManager  : no available service found in cluster 'default', please make sure registry config correct and keep your seata server running
17:54:28:897  WARN 18656 --- [Thread-11] c.a.n.common.http.HttpClientBeanHolder   : [HttpClientBeanHolder] Start destroying common HttpClient
17:54:28:898  WARN 18656 --- [Thread-11] c.a.n.common.http.HttpClientBeanHolder   : [HttpClientBeanHolder] Destruction of the end
17:54:28:900  WARN 18656 --- [Thread-15] c.a.nacos.common.notify.NotifyCenter     : [NotifyCenter] Start destroying Publisher
17:54:28:901  WARN 18656 --- [Thread-15] c.a.nacos.common.notify.NotifyCenter     : [NotifyCenter] Destruction of the end
17:54:32:114  INFO 18656 --- [main] c.a.c.sentinel.SentinelWebMvcConfigurer  : [Sentinel Starter] register SentinelWebInterceptor with urlPatterns: [/**].
17:54:33:441  INFO 18656 --- [main] pertySourcedRequestMappingHandlerMapping : Mapped URL path [/v2/api-docs] onto method [springfox.documentation.swagger2.web.Swagger2ControllerWebMvc#getDocumentation(String, HttpServletRequest)]
17:54:34:469  WARN 18656 --- [main] iguration$LoadBalancerCaffeineWarnLogger : Spring Cloud LoadBalancer is currently working with the default cache. While this cache implementation is useful for development and tests, it's recommended to use Caffeine cache in production.You can switch to using Caffeine cache, by adding it and org.springframework.cache.caffeine.CaffeineCacheManager to the classpath.
17:54:34:616  INFO 18656 --- [main] com.alibaba.nacos.common.remote.client   : [RpcClientFactory] create a new rpc client of 36005e96-57db-4f73-a853-b9e92afe9270
17:54:34:616  INFO 18656 --- [main] com.alibaba.nacos.common.remote.client   : [36005e96-57db-4f73-a853-b9e92afe9270] RpcClient init label, labels = {module=naming, source=sdk}
17:54:34:617  INFO 18656 --- [main] com.alibaba.nacos.common.remote.client   : [36005e96-57db-4f73-a853-b9e92afe9270] RpcClient init, ServerListFactory = com.alibaba.nacos.client.naming.core.ServerListManager
17:54:34:617  INFO 18656 --- [main] com.alibaba.nacos.common.remote.client   : [36005e96-57db-4f73-a853-b9e92afe9270] Registry connection listener to current client:com.alibaba.nacos.client.naming.remote.gprc.redo.NamingGrpcRedoService
17:54:34:617  INFO 18656 --- [main] com.alibaba.nacos.common.remote.client   : [36005e96-57db-4f73-a853-b9e92afe9270] Register server push request handler:com.alibaba.nacos.client.naming.remote.gprc.NamingPushRequestHandler
17:54:34:618  INFO 18656 --- [main] com.alibaba.nacos.common.remote.client   : [36005e96-57db-4f73-a853-b9e92afe9270] Try to connect to server on start up, server: {serverIp = '192.168.254.128', server main port = 8848}
17:54:34:752  INFO 18656 --- [main] com.alibaba.nacos.common.remote.client   : [36005e96-57db-4f73-a853-b9e92afe9270] Success to connect to server [192.168.254.128:8848] on start up, connectionId = 1740131674488_192.168.254.1_53557
17:54:34:752  INFO 18656 --- [com.alibaba.nacos.client.remote.worker] com.alibaba.nacos.common.remote.client   : [36005e96-57db-4f73-a853-b9e92afe9270] Notify connected event to listeners.
17:54:34:752  INFO 18656 --- [main] com.alibaba.nacos.common.remote.client   : [36005e96-57db-4f73-a853-b9e92afe9270] Register server push request handler:com.alibaba.nacos.common.remote.client.RpcClient$ConnectResetRequestHandler
17:54:34:752  INFO 18656 --- [main] com.alibaba.nacos.common.remote.client   : [36005e96-57db-4f73-a853-b9e92afe9270] Register server push request handler:com.alibaba.nacos.common.remote.client.RpcClient$$Lambda$563/0x00000007c0751040
17:54:34:779  INFO 18656 --- [main] o.s.b.w.embedded.tomcat.TomcatWebServer  : Tomcat started on port(s): 8087 (http) with context path ''
17:54:34:788  INFO 18656 --- [main] c.a.c.n.registry.NacosServiceRegistry    : nacos registry, DEFAULT_GROUP pay-service 172.29.36.66:8087 register finished
17:54:35:325  INFO 18656 --- [nacos-grpc-client-executor-6] com.alibaba.nacos.common.remote.client   : [36005e96-57db-4f73-a853-b9e92afe9270] Receive server push request, request = NotifySubscriberRequest, requestId = 11
17:54:35:327  INFO 18656 --- [nacos-grpc-client-executor-6] com.alibaba.nacos.common.remote.client   : [36005e96-57db-4f73-a853-b9e92afe9270] Ack server push request, request = NotifySubscriberRequest, requestId = 11
17:54:36:473  INFO 18656 --- [main] d.s.w.p.DocumentationPluginsBootstrapper : Documentation plugins bootstrapped
17:54:36:480  INFO 18656 --- [main] d.s.w.p.DocumentationPluginsBootstrapper : Found 1 custom documentation plugin(s)
17:54:36:571  INFO 18656 --- [main] s.d.s.w.s.ApiListingReferenceScanner     : Scanning for api listing references
17:54:36:912  INFO 18656 --- [main] com.hmall.pay.PayApplication             : Started PayApplication in 27.3 seconds (JVM running for 89.458)
17:54:36:928  INFO 18656 --- [main] c.a.c.n.refresh.NacosContextRefresher    : [Nacos Config] Listening config: dataId=pay-service, group=DEFAULT_GROUP
17:54:36:930  INFO 18656 --- [main] c.a.c.n.refresh.NacosContextRefresher    : [Nacos Config] Listening config: dataId=pay-service.yaml, group=DEFAULT_GROUP
17:54:36:932  INFO 18656 --- [main] c.a.c.n.refresh.NacosContextRefresher    : [Nacos Config] Listening config: dataId=pay-service-local.yaml, group=DEFAULT_GROUP
17:54:39:367  INFO 18656 --- [SpringContextShutdownHook] c.a.c.n.registry.NacosServiceRegistry    : De-registering from Nacos Server now...
17:54:39:376  INFO 18656 --- [SpringContextShutdownHook] c.a.c.n.registry.NacosServiceRegistry    : De-registration finished.
17:54:39:938  INFO 18656 --- [nacos-grpc-client-executor-10] com.alibaba.nacos.common.remote.client   : [36005e96-57db-4f73-a853-b9e92afe9270] Receive server push request, request = NotifySubscriberRequest, requestId = 12
17:54:39:942  INFO 18656 --- [nacos-grpc-client-executor-10] com.alibaba.nacos.common.remote.client   : [36005e96-57db-4f73-a853-b9e92afe9270] Ack server push request, request = NotifySubscriberRequest, requestId = 12
17:54:40:034  INFO 18656 --- [SpringContextShutdownHook] com.alibaba.nacos.common.remote.client   : Shutdown rpc client, set status to shutdown
17:54:40:034  INFO 18656 --- [SpringContextShutdownHook] com.alibaba.nacos.common.remote.client   : Shutdown client event executor java.util.concurrent.ScheduledThreadPoolExecutor@139dac6e[Running, pool size = 2, active threads = 2, queued tasks = 0, completed tasks = 0]
17:54:40:035  INFO 18656 --- [SpringContextShutdownHook] com.alibaba.nacos.common.remote.client   : Close current connection 1740131674488_192.168.254.1_53557
17:54:40:044  INFO 18656 --- [nacos-grpc-client-executor-11] c.a.n.c.remote.client.grpc.GrpcClient    : [1740131674488_192.168.254.1_53557]Ignore complete event,isRunning:false,isAbandon=false
17:54:40:056  INFO 18656 --- [SpringContextShutdownHook] c.a.n.c.remote.client.grpc.GrpcClient    : Shutdown grpc executor java.util.concurrent.ThreadPoolExecutor@6bc02a4c[Running, pool size = 12, active threads = 0, queued tasks = 0, completed tasks = 12]
17:54:40:072  INFO 18656 --- [SpringContextShutdownHook] com.zaxxer.hikari.HikariDataSource       : HikariPool-1 - Shutdown initiated...
17:54:40:108  INFO 18656 --- [SpringContextShutdownHook] com.zaxxer.hikari.HikariDataSource       : HikariPool-1 - Shutdown completed.
