17:54:22:011  INFO 21200 --- [main] com.hmall.cart.CartApplication           : The following 1 profile is active: "local"
17:54:24:537  INFO 21200 --- [main] o.s.cloud.context.scope.GenericScope     : BeanFactory id=95ce24b2-c7b1-3067-867e-ca4b920181ec
17:54:24:727  INFO 21200 --- [main] trationDelegate$BeanPostProcessorChecker : Bean 'io.seata.spring.boot.autoconfigure.SeataCoreAutoConfiguration' of type [io.seata.spring.boot.autoconfigure.SeataCoreAutoConfiguration] is not eligible for getting processed by all BeanPostProcessors (for example: not eligible for auto-proxying)
17:54:24:728  INFO 21200 --- [main] trationDelegate$BeanPostProcessorChecker : Bean 'springApplicationContextProvider' of type [io.seata.spring.boot.autoconfigure.provider.SpringApplicationContextProvider] is not eligible for getting processed by all BeanPostProcessors (for example: not eligible for auto-proxying)
17:54:24:729  INFO 21200 --- [main] trationDelegate$BeanPostProcessorChecker : Bean 'io.seata.spring.boot.autoconfigure.SeataAutoConfiguration' of type [io.seata.spring.boot.autoconfigure.SeataAutoConfiguration] is not eligible for getting processed by all BeanPostProcessors (for example: not eligible for auto-proxying)
17:54:24:843  INFO 21200 --- [main] trationDelegate$BeanPostProcessorChecker : Bean 'failureHandler' of type [io.seata.tm.api.DefaultFailureHandlerImpl] is not eligible for getting processed by all BeanPostProcessors (for example: not eligible for auto-proxying)
17:54:24:849  INFO 21200 --- [main] trationDelegate$BeanPostProcessorChecker : Bean 'org.springframework.cloud.commons.config.CommonsConfigAutoConfiguration' of type [org.springframework.cloud.commons.config.CommonsConfigAutoConfiguration] is not eligible for getting processed by all BeanPostProcessors (for example: not eligible for auto-proxying)
17:54:24:851  INFO 21200 --- [main] trationDelegate$BeanPostProcessorChecker : Bean 'org.springframework.cloud.client.loadbalancer.LoadBalancerDefaultMappingsProviderAutoConfiguration' of type [org.springframework.cloud.client.loadbalancer.LoadBalancerDefaultMappingsProviderAutoConfiguration] is not eligible for getting processed by all BeanPostProcessors (for example: not eligible for auto-proxying)
17:54:24:852  INFO 21200 --- [main] trationDelegate$BeanPostProcessorChecker : Bean 'loadBalancerClientsDefaultsMappingsProvider' of type [org.springframework.cloud.client.loadbalancer.LoadBalancerDefaultMappingsProviderAutoConfiguration$$Lambda$658/0x00000007c0a17840] is not eligible for getting processed by all BeanPostProcessors (for example: not eligible for auto-proxying)
17:54:24:854  INFO 21200 --- [main] trationDelegate$BeanPostProcessorChecker : Bean 'defaultsBindHandlerAdvisor' of type [org.springframework.cloud.commons.config.DefaultsBindHandlerAdvisor] is not eligible for getting processed by all BeanPostProcessors (for example: not eligible for auto-proxying)
17:54:24:861  INFO 21200 --- [main] trationDelegate$BeanPostProcessorChecker : Bean 'springCloudAlibabaConfiguration' of type [io.seata.spring.boot.autoconfigure.properties.SpringCloudAlibabaConfiguration] is not eligible for getting processed by all BeanPostProcessors (for example: not eligible for auto-proxying)
17:54:24:864  INFO 21200 --- [main] trationDelegate$BeanPostProcessorChecker : Bean 'seataProperties' of type [io.seata.spring.boot.autoconfigure.properties.SeataProperties] is not eligible for getting processed by all BeanPostProcessors (for example: not eligible for auto-proxying)
17:54:24:869  INFO 21200 --- [main] i.s.s.b.a.SeataAutoConfiguration         : Automatically configure Seata
17:54:25:004  INFO 21200 --- [main] io.seata.config.ConfigurationFactory     : load Configuration from :Spring Configuration
17:54:25:019  INFO 21200 --- [main] io.seata.config.ConfigurationFactory     : load Configuration from :Spring Configuration
17:54:25:286  INFO 21200 --- [main] i.s.s.a.GlobalTransactionScanner         : Initializing Global Transaction Clients ... 
17:54:25:537  INFO 21200 --- [main] i.s.core.rpc.netty.NettyClientBootstrap  : NettyClientBootstrap has started
17:54:25:838  INFO 21200 --- [main] com.alibaba.nacos.common.remote.client   : [RpcClientFactory] create a new rpc client of b85f3824-4548-4744-b800-b1399f30f991
17:54:25:838  INFO 21200 --- [main] com.alibaba.nacos.common.remote.client   : [b85f3824-4548-4744-b800-b1399f30f991] RpcClient init label, labels = {module=naming, source=sdk}
17:54:25:843  INFO 21200 --- [main] com.alibaba.nacos.common.remote.client   : [b85f3824-4548-4744-b800-b1399f30f991] RpcClient init, ServerListFactory = com.alibaba.nacos.client.naming.core.ServerListManager
17:54:25:843  INFO 21200 --- [main] com.alibaba.nacos.common.remote.client   : [b85f3824-4548-4744-b800-b1399f30f991] Registry connection listener to current client:com.alibaba.nacos.client.naming.remote.gprc.redo.NamingGrpcRedoService
17:54:25:844  INFO 21200 --- [main] com.alibaba.nacos.common.remote.client   : [b85f3824-4548-4744-b800-b1399f30f991] Register server push request handler:com.alibaba.nacos.client.naming.remote.gprc.NamingPushRequestHandler
17:54:25:844  INFO 21200 --- [main] com.alibaba.nacos.common.remote.client   : [b85f3824-4548-4744-b800-b1399f30f991] Try to connect to server on start up, server: {serverIp = '192.168.254.128', server main port = 8848}
17:54:25:972  INFO 21200 --- [main] com.alibaba.nacos.common.remote.client   : [b85f3824-4548-4744-b800-b1399f30f991] Success to connect to server [192.168.254.128:8848] on start up, connectionId = 1740131665717_192.168.254.1_53516
17:54:25:972  INFO 21200 --- [com.alibaba.nacos.client.remote.worker] com.alibaba.nacos.common.remote.client   : [b85f3824-4548-4744-b800-b1399f30f991] Notify connected event to listeners.
17:54:25:972  INFO 21200 --- [main] com.alibaba.nacos.common.remote.client   : [b85f3824-4548-4744-b800-b1399f30f991] Register server push request handler:com.alibaba.nacos.common.remote.client.RpcClient$ConnectResetRequestHandler
17:54:25:973  INFO 21200 --- [main] com.alibaba.nacos.common.remote.client   : [b85f3824-4548-4744-b800-b1399f30f991] Register server push request handler:com.alibaba.nacos.common.remote.client.RpcClient$$Lambda$564/0x00000007c0759840
17:54:26:055 ERROR 21200 --- [main] i.s.c.r.netty.NettyClientChannelManager  : no available service found in cluster 'default', please make sure registry config correct and keep your seata server running
17:54:26:055  INFO 21200 --- [main] i.s.s.a.GlobalTransactionScanner         : Transaction Manager Client is initialized. applicationId[cart-service] txServiceGroup[hmall]
17:54:26:080  INFO 21200 --- [main] io.seata.rm.datasource.AsyncWorker       : Async Commit Buffer Limit: 10000
17:54:26:082  INFO 21200 --- [main] i.s.rm.datasource.xa.ResourceManagerXA   : ResourceManagerXA init ...
17:54:26:108  INFO 21200 --- [main] i.s.core.rpc.netty.NettyClientBootstrap  : NettyClientBootstrap has started
17:54:26:109  INFO 21200 --- [main] i.s.s.a.GlobalTransactionScanner         : Resource Manager is initialized. applicationId[cart-service] txServiceGroup[hmall]
17:54:26:109  INFO 21200 --- [main] i.s.s.a.GlobalTransactionScanner         : Global Transaction Clients are initialized. 
17:54:26:112  INFO 21200 --- [main] trationDelegate$BeanPostProcessorChecker : Bean 'io.seata.spring.boot.autoconfigure.SeataDataSourceAutoConfiguration' of type [io.seata.spring.boot.autoconfigure.SeataDataSourceAutoConfiguration] is not eligible for getting processed by all BeanPostProcessors (for example: not eligible for auto-proxying)
17:54:26:616  INFO 21200 --- [nacos-grpc-client-executor-7] com.alibaba.nacos.common.remote.client   : [b85f3824-4548-4744-b800-b1399f30f991] Receive server push request, request = NotifySubscriberRequest, requestId = 10
17:54:26:618  INFO 21200 --- [nacos-grpc-client-executor-7] com.alibaba.nacos.common.remote.client   : [b85f3824-4548-4744-b800-b1399f30f991] Ack server push request, request = NotifySubscriberRequest, requestId = 10
17:54:26:722  INFO 21200 --- [main] trationDelegate$BeanPostProcessorChecker : Bean 'com.alibaba.cloud.seata.feign.SeataFeignClientAutoConfiguration$FeignBeanPostProcessorConfiguration' of type [com.alibaba.cloud.seata.feign.SeataFeignClientAutoConfiguration$FeignBeanPostProcessorConfiguration] is not eligible for getting processed by all BeanPostProcessors (for example: not eligible for auto-proxying)
17:54:26:726  INFO 21200 --- [main] trationDelegate$BeanPostProcessorChecker : Bean 'seataFeignObjectWrapper' of type [com.alibaba.cloud.seata.feign.SeataFeignObjectWrapper] is not eligible for getting processed by all BeanPostProcessors (for example: not eligible for auto-proxying)
17:54:27:502  INFO 21200 --- [main] o.s.b.w.embedded.tomcat.TomcatWebServer  : Tomcat initialized with port(s): 8082 (http)
17:54:27:564  INFO 21200 --- [main] o.apache.catalina.core.StandardService   : Starting service [Tomcat]
17:54:27:565  INFO 21200 --- [main] org.apache.catalina.core.StandardEngine  : Starting Servlet engine: [Apache Tomcat/9.0.75]
17:54:27:807  INFO 21200 --- [main] o.a.c.c.C.[Tomcat].[localhost].[/]       : Initializing Spring embedded WebApplicationContext
17:54:27:807  INFO 21200 --- [main] w.s.c.ServletWebServerApplicationContext : Root WebApplicationContext: initialization completed in 5755 ms
17:54:28:299  INFO 21200 --- [main] o.s.c.openfeign.FeignClientFactoryBean   : For 'item-service' URL not provided. Will try picking an instance via load-balancing.
17:54:28:893  WARN 21200 --- [Thread-11] c.a.n.common.http.HttpClientBeanHolder   : [HttpClientBeanHolder] Start destroying common HttpClient
17:54:28:892  WARN 21200 --- [Thread-15] c.a.nacos.common.notify.NotifyCenter     : [NotifyCenter] Start destroying Publisher
17:54:28:894  WARN 21200 --- [Thread-15] c.a.nacos.common.notify.NotifyCenter     : [NotifyCenter] Destruction of the end
17:54:28:895  WARN 21200 --- [Thread-11] c.a.n.common.http.HttpClientBeanHolder   : [HttpClientBeanHolder] Destruction of the end
17:54:29:273  INFO 21200 --- [main] com.zaxxer.hikari.HikariDataSource       : HikariPool-1 - Starting...
17:54:29:592  INFO 21200 --- [main] com.zaxxer.hikari.HikariDataSource       : HikariPool-1 - Start completed.
17:54:29:655 ERROR 21200 --- [main] i.s.c.r.netty.NettyClientChannelManager  : no available service found in cluster 'default', please make sure registry config correct and keep your seata server running
17:54:32:286  WARN 21200 --- [main] ConfigServletWebServerApplicationContext : Exception encountered during context initialization - cancelling refresh attempt: org.springframework.beans.factory.UnsatisfiedDependencyException: Error creating bean with name 'cartController' defined in file [D:\Knowledge\Java开发\SpringCloud\day02-Docker\资料\hmall\cart-service\target\classes\com\hmall\cart\controller\CartController.class]: Unsatisfied dependency expressed through constructor parameter 0; nested exception is org.springframework.beans.factory.UnsatisfiedDependencyException: Error creating bean with name 'cartServiceImpl': Unsatisfied dependency expressed through field 'baseMapper'; nested exception is org.springframework.beans.factory.BeanCreationException: Error creating bean with name 'cartMapper' defined in file [D:\Knowledge\Java开发\SpringCloud\day02-Docker\资料\hmall\cart-service\target\classes\com\hmall\cart\mapper\CartMapper.class]: Invocation of init method failed; nested exception is java.lang.ClassCastException: class org.apache.ibatis.type.TypeAliasRegistry cannot be cast to class org.zeroturnaround.jrebel.mybatis.JrTypeAliasRegistry (org.apache.ibatis.type.TypeAliasRegistry and org.zeroturnaround.jrebel.mybatis.JrTypeAliasRegistry are in unnamed module of loader 'app')
17:54:32:287  INFO 21200 --- [main] com.zaxxer.hikari.HikariDataSource       : HikariPool-1 - Shutdown initiated...
17:54:32:303  INFO 21200 --- [main] com.zaxxer.hikari.HikariDataSource       : HikariPool-1 - Shutdown completed.
17:54:32:320  WARN 21200 --- [main] s.c.a.AnnotationConfigApplicationContext : Exception thrown from ApplicationListener handling ContextClosedEvent

org.springframework.beans.factory.BeanCreationNotAllowedException: Error creating bean with name 'rabbitConnectionFactory': Singleton bean creation not allowed while singletons of this factory are in destruction (Do not request a bean from a BeanFactory in a destroy method implementation!)
	at org.springframework.beans.factory.support.DefaultSingletonBeanRegistry.getSingleton(DefaultSingletonBeanRegistry.java:220) ~[spring-beans-5.3.27.jar:5.3.27]
	at org.springframework.beans.factory.support.AbstractBeanFactory.doGetBean(AbstractBeanFactory.java:333) ~[spring-beans-5.3.27.jar:5.3.27]
	at org.springframework.beans.factory.support.AbstractBeanFactory.getBean(AbstractBeanFactory.java:213) ~[spring-beans-5.3.27.jar:5.3.27]
	at org.springframework.context.event.AbstractApplicationEventMulticaster.retrieveApplicationListeners(AbstractApplicationEventMulticaster.java:264) ~[spring-context-5.3.27.jar:5.3.27]
	at org.springframework.context.event.AbstractApplicationEventMulticaster.getApplicationListeners(AbstractApplicationEventMulticaster.java:221) ~[spring-context-5.3.27.jar:5.3.27]
	at org.springframework.context.event.SimpleApplicationEventMulticaster.multicastEvent(SimpleApplicationEventMulticaster.java:138) ~[spring-context-5.3.27.jar:5.3.27]
	at org.springframework.context.support.AbstractApplicationContext.publishEvent(AbstractApplicationContext.java:421) ~[spring-context-5.3.27.jar:5.3.27]
	at org.springframework.context.support.AbstractApplicationContext.publishEvent(AbstractApplicationContext.java:427) ~[spring-context-5.3.27.jar:5.3.27]
	at org.springframework.context.support.AbstractApplicationContext.publishEvent(AbstractApplicationContext.java:378) ~[spring-context-5.3.27.jar:5.3.27]
	at org.springframework.context.support.AbstractApplicationContext.doClose(AbstractApplicationContext.java:1060) ~[spring-context-5.3.27.jar:5.3.27]
	at org.springframework.context.support.AbstractApplicationContext.close(AbstractApplicationContext.java:1023) ~[spring-context-5.3.27.jar:5.3.27]
	at org.springframework.cloud.context.named.NamedContextFactory.destroy(NamedContextFactory.java:99) ~[spring-cloud-context-3.1.3.jar:3.1.3]
	at org.springframework.beans.factory.support.DisposableBeanAdapter.destroy(DisposableBeanAdapter.java:213) ~[spring-beans-5.3.27.jar:5.3.27]
	at org.springframework.beans.factory.support.DefaultSingletonBeanRegistry.destroyBean(DefaultSingletonBeanRegistry.java:587) ~[spring-beans-5.3.27.jar:5.3.27]
	at org.springframework.beans.factory.support.DefaultSingletonBeanRegistry.destroySingleton(DefaultSingletonBeanRegistry.java:559) ~[spring-beans-5.3.27.jar:5.3.27]
	at org.springframework.beans.factory.support.DefaultListableBeanFactory.destroySingleton(DefaultListableBeanFactory.java:1163) ~[spring-beans-5.3.27.jar:5.3.27]
	at org.springframework.beans.factory.support.DefaultSingletonBeanRegistry.destroySingletons(DefaultSingletonBeanRegistry.java:520) ~[spring-beans-5.3.27.jar:5.3.27]
	at org.springframework.beans.factory.support.AbstractBeanFactory.destroySingletons(AbstractBeanFactory.java:44004) ~[spring-beans-5.3.27.jar:5.3.27]
	at org.springframework.beans.factory.support.DefaultListableBeanFactory.destroySingletons(DefaultListableBeanFactory.java:1156) ~[spring-beans-5.3.27.jar:5.3.27]
	at org.springframework.context.support.AbstractApplicationContext.destroyBeans(AbstractApplicationContext.java:1108) ~[spring-context-5.3.27.jar:5.3.27]
	at org.springframework.context.support.AbstractApplicationContext.__refresh(AbstractApplicationContext.java:596) ~[spring-context-5.3.27.jar:5.3.27]
	at org.springframework.context.support.AbstractApplicationContext.jrLockAndRefresh(AbstractApplicationContext.java:41002) ~[spring-context-5.3.27.jar:5.3.27]
	at org.springframework.context.support.AbstractApplicationContext.refresh(AbstractApplicationContext.java:42008) ~[spring-context-5.3.27.jar:5.3.27]
	at org.springframework.boot.web.servlet.context.ServletWebServerApplicationContext.refresh(ServletWebServerApplicationContext.java:147) ~[spring-boot-2.7.12.jar:2.7.12]
	at org.springframework.boot.SpringApplication.refresh(SpringApplication.java:731) ~[spring-boot-2.7.12.jar:2.7.12]
	at org.springframework.boot.SpringApplication.refreshContext(SpringApplication.java:408) ~[spring-boot-2.7.12.jar:2.7.12]
	at org.springframework.boot.SpringApplication.run(SpringApplication.java:307) ~[spring-boot-2.7.12.jar:2.7.12]
	at org.springframework.boot.SpringApplication.run(SpringApplication.java:1303) ~[spring-boot-2.7.12.jar:2.7.12]
	at org.springframework.boot.SpringApplication.run(SpringApplication.java:1292) ~[spring-boot-2.7.12.jar:2.7.12]
	at com.hmall.cart.CartApplication.main(CartApplication.java:18) ~[classes/:na]

