14:14:11:217  INFO 8364 --- [main] com.hmall.trade.TradeApplication         : Starting TradeApplication using Java 11.0.25 on UNIQUE-ALUO123 with PID 8364 (D:\Knowledge\Java开发\SpringCloud\day02-Docker\资料\hmall\trade-service\target\classes started by unique in D:\Knowledge\Java开发\SpringCloud\day02-Docker\资料\hmall)
14:14:11:223 DEBUG 8364 --- [main] com.hmall.trade.TradeApplication         : Running with Spring Boot v2.7.12, Spring v5.3.27
14:14:11:224  INFO 8364 --- [main] com.hmall.trade.TradeApplication         : The following 1 profile is active: "local"
14:14:13:232  INFO 8364 --- [main] o.s.cloud.context.scope.GenericScope     : BeanFactory id=e2be6aaa-fd37-3698-802f-6ffc19fca665
14:14:14:058  INFO 8364 --- [main] o.s.b.w.embedded.tomcat.TomcatWebServer  : Tomcat initialized with port(s): 8085 (http)
14:14:14:088  INFO 8364 --- [main] o.apache.catalina.core.StandardService   : Starting service [Tomcat]
14:14:14:088  INFO 8364 --- [main] org.apache.catalina.core.StandardEngine  : Starting Servlet engine: [Apache Tomcat/9.0.75]
14:14:14:294  INFO 8364 --- [main] o.a.c.c.C.[Tomcat].[localhost].[/]       : Initializing Spring embedded WebApplicationContext
14:14:14:294  INFO 8364 --- [main] w.s.c.ServletWebServerApplicationContext : Root WebApplicationContext: initialization completed in 2988 ms
14:14:14:573  INFO 8364 --- [main] o.s.c.openfeign.FeignClientFactoryBean   : For 'item-service' URL not provided. Will try picking an instance via load-balancing.
14:14:16:753  INFO 8364 --- [main] o.s.c.openfeign.FeignClientFactoryBean   : For 'cart-service' URL not provided. Will try picking an instance via load-balancing.
14:14:18:368  INFO 8364 --- [main] pertySourcedRequestMappingHandlerMapping : Mapped URL path [/v2/api-docs] onto method [springfox.documentation.swagger2.web.Swagger2ControllerWebMvc#getDocumentation(String, HttpServletRequest)]
14:14:19:380  WARN 8364 --- [main] iguration$LoadBalancerCaffeineWarnLogger : Spring Cloud LoadBalancer is currently working with the default cache. While this cache implementation is useful for development and tests, it's recommended to use Caffeine cache in production.You can switch to using Caffeine cache, by adding it and org.springframework.cache.caffeine.CaffeineCacheManager to the classpath.
14:14:19:631  INFO 8364 --- [main] com.alibaba.nacos.common.remote.client   : [RpcClientFactory] create a new rpc client of 0d40958a-6790-4cac-ad20-d849f1121b79
14:14:19:774  INFO 8364 --- [main] org.reflections.Reflections              : Reflections took 76 ms to scan 1 urls, producing 3 keys and 6 values 
14:14:19:854  INFO 8364 --- [main] org.reflections.Reflections              : Reflections took 23 ms to scan 1 urls, producing 4 keys and 9 values 
14:14:19:876  INFO 8364 --- [main] org.reflections.Reflections              : Reflections took 10 ms to scan 1 urls, producing 3 keys and 10 values 
14:14:19:881  WARN 8364 --- [main] org.reflections.Reflections              : given scan urls are empty. set urls in the configuration
14:14:19:891  INFO 8364 --- [main] org.reflections.Reflections              : Reflections took 9 ms to scan 1 urls, producing 1 keys and 5 values 
14:14:19:903  INFO 8364 --- [main] org.reflections.Reflections              : Reflections took 8 ms to scan 1 urls, producing 1 keys and 7 values 
14:14:19:916  INFO 8364 --- [main] org.reflections.Reflections              : Reflections took 7 ms to scan 1 urls, producing 2 keys and 8 values 
14:14:19:919  WARN 8364 --- [main] org.reflections.Reflections              : given scan urls are empty. set urls in the configuration
14:14:19:921  INFO 8364 --- [main] com.alibaba.nacos.common.remote.client   : [0d40958a-6790-4cac-ad20-d849f1121b79] RpcClient init label, labels = {module=naming, source=sdk}
14:14:19:925  INFO 8364 --- [main] com.alibaba.nacos.common.remote.client   : [0d40958a-6790-4cac-ad20-d849f1121b79] RpcClient init, ServerListFactory = com.alibaba.nacos.client.naming.core.ServerListManager
14:14:19:925  INFO 8364 --- [main] com.alibaba.nacos.common.remote.client   : [0d40958a-6790-4cac-ad20-d849f1121b79] Registry connection listener to current client:com.alibaba.nacos.client.naming.remote.gprc.redo.NamingGrpcRedoService
14:14:19:926  INFO 8364 --- [main] com.alibaba.nacos.common.remote.client   : [0d40958a-6790-4cac-ad20-d849f1121b79] Register server push request handler:com.alibaba.nacos.client.naming.remote.gprc.NamingPushRequestHandler
14:14:19:929  INFO 8364 --- [main] com.alibaba.nacos.common.remote.client   : [0d40958a-6790-4cac-ad20-d849f1121b79] Try to connect to server on start up, server: {serverIp = '192.168.254.128', server main port = 8848}
14:14:23:541  INFO 8364 --- [main] com.alibaba.nacos.common.remote.client   : [0d40958a-6790-4cac-ad20-d849f1121b79] Success to connect to server [192.168.254.128:8848] on start up, connectionId = 1737979113326_192.168.254.1_51004
14:14:23:543  INFO 8364 --- [com.alibaba.nacos.client.remote.worker] com.alibaba.nacos.common.remote.client   : [0d40958a-6790-4cac-ad20-d849f1121b79] Notify connected event to listeners.
14:14:23:545  INFO 8364 --- [main] com.alibaba.nacos.common.remote.client   : [0d40958a-6790-4cac-ad20-d849f1121b79] Register server push request handler:com.alibaba.nacos.common.remote.client.RpcClient$ConnectResetRequestHandler
14:14:23:547  INFO 8364 --- [main] com.alibaba.nacos.common.remote.client   : [0d40958a-6790-4cac-ad20-d849f1121b79] Register server push request handler:com.alibaba.nacos.common.remote.client.RpcClient$$Lambda$1075/0x00000007c0a9b840
14:14:23:684  INFO 8364 --- [main] o.s.b.w.embedded.tomcat.TomcatWebServer  : Tomcat started on port(s): 8085 (http) with context path ''
14:14:23:704  INFO 8364 --- [main] c.a.c.n.registry.NacosServiceRegistry    : nacos registry, DEFAULT_GROUP trade-service 192.168.254.1:8085 register finished
14:14:24:130  INFO 8364 --- [nacos-grpc-client-executor-10] com.alibaba.nacos.common.remote.client   : [0d40958a-6790-4cac-ad20-d849f1121b79] Receive server push request, request = NotifySubscriberRequest, requestId = 247
14:14:24:133  INFO 8364 --- [nacos-grpc-client-executor-10] com.alibaba.nacos.common.remote.client   : [0d40958a-6790-4cac-ad20-d849f1121b79] Ack server push request, request = NotifySubscriberRequest, requestId = 247
14:14:25:181  INFO 8364 --- [main] d.s.w.p.DocumentationPluginsBootstrapper : Documentation plugins bootstrapped
14:14:25:186  INFO 8364 --- [main] d.s.w.p.DocumentationPluginsBootstrapper : Found 1 custom documentation plugin(s)
14:14:25:237  INFO 8364 --- [main] s.d.s.w.s.ApiListingReferenceScanner     : Scanning for api listing references
14:14:25:407  INFO 8364 --- [main] com.hmall.trade.TradeApplication         : Started TradeApplication in 16.472 seconds (JVM running for 19.122)
14:16:03:535  INFO 18556 --- [main] com.hmall.trade.TradeApplication         : Starting TradeApplication using Java 11.0.25 on UNIQUE-ALUO123 with PID 18556 (D:\Knowledge\Java开发\SpringCloud\day02-Docker\资料\hmall\trade-service\target\classes started by unique in D:\Knowledge\Java开发\SpringCloud\day02-Docker\资料\hmall)
14:16:03:537 DEBUG 18556 --- [main] com.hmall.trade.TradeApplication         : Running with Spring Boot v2.7.12, Spring v5.3.27
14:16:03:538  INFO 18556 --- [main] com.hmall.trade.TradeApplication         : The following 1 profile is active: "local"
14:16:05:799  INFO 18556 --- [main] o.s.cloud.context.scope.GenericScope     : BeanFactory id=e2be6aaa-fd37-3698-802f-6ffc19fca665
14:16:06:757  INFO 18556 --- [main] o.s.b.w.embedded.tomcat.TomcatWebServer  : Tomcat initialized with port(s): 8085 (http)
14:16:06:802  INFO 18556 --- [main] o.apache.catalina.core.StandardService   : Starting service [Tomcat]
14:16:06:802  INFO 18556 --- [main] org.apache.catalina.core.StandardEngine  : Starting Servlet engine: [Apache Tomcat/9.0.75]
14:16:07:017  INFO 18556 --- [main] o.a.c.c.C.[Tomcat].[localhost].[/]       : Initializing Spring embedded WebApplicationContext
14:16:07:017  INFO 18556 --- [main] w.s.c.ServletWebServerApplicationContext : Root WebApplicationContext: initialization completed in 3382 ms
14:16:07:376  INFO 18556 --- [main] o.s.c.openfeign.FeignClientFactoryBean   : For 'item-service' URL not provided. Will try picking an instance via load-balancing.
14:16:11:380  INFO 18556 --- [main] o.s.c.openfeign.FeignClientFactoryBean   : For 'cart-service' URL not provided. Will try picking an instance via load-balancing.
14:16:12:717  INFO 18556 --- [main] pertySourcedRequestMappingHandlerMapping : Mapped URL path [/v2/api-docs] onto method [springfox.documentation.swagger2.web.Swagger2ControllerWebMvc#getDocumentation(String, HttpServletRequest)]
14:16:13:875  WARN 18556 --- [main] iguration$LoadBalancerCaffeineWarnLogger : Spring Cloud LoadBalancer is currently working with the default cache. While this cache implementation is useful for development and tests, it's recommended to use Caffeine cache in production.You can switch to using Caffeine cache, by adding it and org.springframework.cache.caffeine.CaffeineCacheManager to the classpath.
14:16:14:031  INFO 18556 --- [main] com.alibaba.nacos.common.remote.client   : [RpcClientFactory] create a new rpc client of b0013d12-a8f2-467b-9a12-437b83568ef8
14:16:14:106  INFO 18556 --- [main] org.reflections.Reflections              : Reflections took 41 ms to scan 1 urls, producing 3 keys and 6 values 
14:16:14:137  INFO 18556 --- [main] org.reflections.Reflections              : Reflections took 8 ms to scan 1 urls, producing 4 keys and 9 values 
14:16:14:146  INFO 18556 --- [main] org.reflections.Reflections              : Reflections took 6 ms to scan 1 urls, producing 3 keys and 10 values 
14:16:14:149  WARN 18556 --- [main] org.reflections.Reflections              : given scan urls are empty. set urls in the configuration
14:16:14:155  INFO 18556 --- [main] org.reflections.Reflections              : Reflections took 5 ms to scan 1 urls, producing 1 keys and 5 values 
14:16:14:163  INFO 18556 --- [main] org.reflections.Reflections              : Reflections took 5 ms to scan 1 urls, producing 1 keys and 7 values 
14:16:14:171  INFO 18556 --- [main] org.reflections.Reflections              : Reflections took 5 ms to scan 1 urls, producing 2 keys and 8 values 
14:16:14:174  WARN 18556 --- [main] org.reflections.Reflections              : given scan urls are empty. set urls in the configuration
14:16:14:175  INFO 18556 --- [main] com.alibaba.nacos.common.remote.client   : [b0013d12-a8f2-467b-9a12-437b83568ef8] RpcClient init label, labels = {module=naming, source=sdk}
14:16:14:178  INFO 18556 --- [main] com.alibaba.nacos.common.remote.client   : [b0013d12-a8f2-467b-9a12-437b83568ef8] RpcClient init, ServerListFactory = com.alibaba.nacos.client.naming.core.ServerListManager
14:16:14:179  INFO 18556 --- [main] com.alibaba.nacos.common.remote.client   : [b0013d12-a8f2-467b-9a12-437b83568ef8] Registry connection listener to current client:com.alibaba.nacos.client.naming.remote.gprc.redo.NamingGrpcRedoService
14:16:14:179  INFO 18556 --- [main] com.alibaba.nacos.common.remote.client   : [b0013d12-a8f2-467b-9a12-437b83568ef8] Register server push request handler:com.alibaba.nacos.client.naming.remote.gprc.NamingPushRequestHandler
14:16:14:181  INFO 18556 --- [main] com.alibaba.nacos.common.remote.client   : [b0013d12-a8f2-467b-9a12-437b83568ef8] Try to connect to server on start up, server: {serverIp = '192.168.254.128', server main port = 8848}
14:16:17:515  INFO 18556 --- [main] com.alibaba.nacos.common.remote.client   : [b0013d12-a8f2-467b-9a12-437b83568ef8] Success to connect to server [192.168.254.128:8848] on start up, connectionId = 1737979236927_192.168.254.1_52019
14:16:17:517  INFO 18556 --- [com.alibaba.nacos.client.remote.worker] com.alibaba.nacos.common.remote.client   : [b0013d12-a8f2-467b-9a12-437b83568ef8] Notify connected event to listeners.
14:16:17:519  INFO 18556 --- [main] com.alibaba.nacos.common.remote.client   : [b0013d12-a8f2-467b-9a12-437b83568ef8] Register server push request handler:com.alibaba.nacos.common.remote.client.RpcClient$ConnectResetRequestHandler
14:16:17:519  INFO 18556 --- [main] com.alibaba.nacos.common.remote.client   : [b0013d12-a8f2-467b-9a12-437b83568ef8] Register server push request handler:com.alibaba.nacos.common.remote.client.RpcClient$$Lambda$1068/0x00000007c0a73c40
14:16:17:594  WARN 18556 --- [main] ConfigServletWebServerApplicationContext : Exception encountered during context initialization - cancelling refresh attempt: org.springframework.context.ApplicationContextException: Failed to start bean 'webServerStartStop'; nested exception is org.springframework.boot.web.server.PortInUseException: Port 8085 is already in use
14:16:18:138  INFO 18556 --- [nacos-grpc-client-executor-7] com.alibaba.nacos.common.remote.client   : [b0013d12-a8f2-467b-9a12-437b83568ef8] Receive server push request, request = NotifySubscriberRequest, requestId = 254
14:16:18:142  INFO 18556 --- [nacos-grpc-client-executor-7] com.alibaba.nacos.common.remote.client   : [b0013d12-a8f2-467b-9a12-437b83568ef8] Ack server push request, request = NotifySubscriberRequest, requestId = 254
14:16:18:251  INFO 18556 --- [main] com.alibaba.nacos.common.remote.client   : Shutdown rpc client, set status to shutdown
14:16:18:251  INFO 18556 --- [main] com.alibaba.nacos.common.remote.client   : Shutdown client event executor java.util.concurrent.ScheduledThreadPoolExecutor@69f44b71[Running, pool size = 2, active threads = 2, queued tasks = 0, completed tasks = 0]
14:16:18:252  INFO 18556 --- [main] com.alibaba.nacos.common.remote.client   : Close current connection 1737979236927_192.168.254.1_52019
14:16:18:255  INFO 18556 --- [nacos-grpc-client-executor-8] c.a.n.c.remote.client.grpc.GrpcClient    : [1737979236927_192.168.254.1_52019]Ignore complete event,isRunning:false,isAbandon=false
14:16:18:260  INFO 18556 --- [main] c.a.n.c.remote.client.grpc.GrpcClient    : Shutdown grpc executor java.util.concurrent.ThreadPoolExecutor@73f44da7[Running, pool size = 9, active threads = 0, queued tasks = 0, completed tasks = 9]
14:16:18:266  INFO 18556 --- [main] com.alibaba.nacos.common.remote.client   : [RpcClientFactory] create a new rpc client of 719698d7-d47f-4ab1-afce-c3c7311e76b1
14:16:18:266  INFO 18556 --- [main] com.alibaba.nacos.common.remote.client   : [719698d7-d47f-4ab1-afce-c3c7311e76b1] RpcClient init label, labels = {module=naming, source=sdk}
14:16:18:267  INFO 18556 --- [main] com.alibaba.nacos.common.remote.client   : [719698d7-d47f-4ab1-afce-c3c7311e76b1] RpcClient init, ServerListFactory = com.alibaba.nacos.client.naming.core.ServerListManager
14:16:18:268  INFO 18556 --- [main] com.alibaba.nacos.common.remote.client   : [719698d7-d47f-4ab1-afce-c3c7311e76b1] Registry connection listener to current client:com.alibaba.nacos.client.naming.remote.gprc.redo.NamingGrpcRedoService
14:16:18:268  INFO 18556 --- [main] com.alibaba.nacos.common.remote.client   : [719698d7-d47f-4ab1-afce-c3c7311e76b1] Register server push request handler:com.alibaba.nacos.client.naming.remote.gprc.NamingPushRequestHandler
14:16:18:269  INFO 18556 --- [main] com.alibaba.nacos.common.remote.client   : [719698d7-d47f-4ab1-afce-c3c7311e76b1] Try to connect to server on start up, server: {serverIp = '192.168.254.128', server main port = 8848}
14:16:18:403  INFO 18556 --- [main] com.alibaba.nacos.common.remote.client   : [719698d7-d47f-4ab1-afce-c3c7311e76b1] Success to connect to server [192.168.254.128:8848] on start up, connectionId = 1737979238057_192.168.254.1_52022
14:16:18:403  INFO 18556 --- [main] com.alibaba.nacos.common.remote.client   : [719698d7-d47f-4ab1-afce-c3c7311e76b1] Register server push request handler:com.alibaba.nacos.common.remote.client.RpcClient$ConnectResetRequestHandler
14:16:18:403  INFO 18556 --- [main] com.alibaba.nacos.common.remote.client   : [719698d7-d47f-4ab1-afce-c3c7311e76b1] Register server push request handler:com.alibaba.nacos.common.remote.client.RpcClient$$Lambda$1068/0x00000007c0a73c40
14:16:18:403  INFO 18556 --- [com.alibaba.nacos.client.remote.worker] com.alibaba.nacos.common.remote.client   : [719698d7-d47f-4ab1-afce-c3c7311e76b1] Notify connected event to listeners.
14:16:18:416  INFO 18556 --- [main] o.apache.catalina.core.StandardService   : Stopping service [Tomcat]
14:16:18:433  INFO 18556 --- [main] ConditionEvaluationReportLoggingListener : 

Error starting ApplicationContext. To display the conditions report re-run your application with 'debug' enabled.
14:16:18:463 ERROR 18556 --- [main] o.s.b.d.LoggingFailureAnalysisReporter   : 

***************************
APPLICATION FAILED TO START
***************************

Description:

Web server failed to start. Port 8085 was already in use.

Action:

Identify and stop the process that's listening on port 8085 or configure this application to listen on another port.

14:16:18:465  WARN 18556 --- [Thread-17] c.a.n.common.http.HttpClientBeanHolder   : [HttpClientBeanHolder] Start destroying common HttpClient
14:16:18:465  WARN 18556 --- [Thread-14] c.a.nacos.common.notify.NotifyCenter     : [NotifyCenter] Start destroying Publisher
14:16:18:466  WARN 18556 --- [Thread-14] c.a.nacos.common.notify.NotifyCenter     : [NotifyCenter] Destruction of the end
14:16:49:971  WARN 8364 --- [Thread-14] c.a.nacos.common.notify.NotifyCenter     : [NotifyCenter] Start destroying Publisher
14:16:49:971  WARN 8364 --- [Thread-14] c.a.nacos.common.notify.NotifyCenter     : [NotifyCenter] Destruction of the end
14:16:49:972  WARN 8364 --- [Thread-17] c.a.n.common.http.HttpClientBeanHolder   : [HttpClientBeanHolder] Start destroying common HttpClient
14:16:49:975  WARN 8364 --- [Thread-17] c.a.n.common.http.HttpClientBeanHolder   : [HttpClientBeanHolder] Destruction of the end
14:16:50:410  INFO 8364 --- [SpringApplicationShutdownHook] c.a.c.n.registry.NacosServiceRegistry    : De-registering from Nacos Server now...
14:16:50:416  INFO 8364 --- [SpringApplicationShutdownHook] c.a.c.n.registry.NacosServiceRegistry    : De-registration finished.
14:16:50:748  INFO 8364 --- [SpringApplicationShutdownHook] com.alibaba.nacos.common.remote.client   : Shutdown rpc client, set status to shutdown
14:16:50:748  INFO 8364 --- [SpringApplicationShutdownHook] com.alibaba.nacos.common.remote.client   : Shutdown client event executor java.util.concurrent.ScheduledThreadPoolExecutor@2c8e71fd[Running, pool size = 2, active threads = 2, queued tasks = 0, completed tasks = 0]
14:16:50:748  INFO 8364 --- [SpringApplicationShutdownHook] com.alibaba.nacos.common.remote.client   : Close current connection 1737979113326_192.168.254.1_51004
14:16:50:757  INFO 8364 --- [SpringApplicationShutdownHook] c.a.n.c.remote.client.grpc.GrpcClient    : Shutdown grpc executor java.util.concurrent.ThreadPoolExecutor@55a46027[Running, pool size = 6, active threads = 0, queued tasks = 0, completed tasks = 48]
14:17:25:896  INFO 21120 --- [main] com.hmall.trade.TradeApplication         : Starting TradeApplication using Java 11.0.25 on UNIQUE-ALUO123 with PID 21120 (D:\Knowledge\Java开发\SpringCloud\day02-Docker\资料\hmall\trade-service\target\classes started by unique in D:\Knowledge\Java开发\SpringCloud\day02-Docker\资料\hmall)
14:17:25:897 DEBUG 21120 --- [main] com.hmall.trade.TradeApplication         : Running with Spring Boot v2.7.12, Spring v5.3.27
14:17:25:897  INFO 21120 --- [main] com.hmall.trade.TradeApplication         : The following 1 profile is active: "local"
14:17:27:479  INFO 21120 --- [main] o.s.cloud.context.scope.GenericScope     : BeanFactory id=e2be6aaa-fd37-3698-802f-6ffc19fca665
14:17:28:120  INFO 21120 --- [main] o.s.b.w.embedded.tomcat.TomcatWebServer  : Tomcat initialized with port(s): 8085 (http)
14:17:28:150  INFO 21120 --- [main] o.apache.catalina.core.StandardService   : Starting service [Tomcat]
14:17:28:150  INFO 21120 --- [main] org.apache.catalina.core.StandardEngine  : Starting Servlet engine: [Apache Tomcat/9.0.75]
14:17:28:311  INFO 21120 --- [main] o.a.c.c.C.[Tomcat].[localhost].[/]       : Initializing Spring embedded WebApplicationContext
14:17:28:311  INFO 21120 --- [main] w.s.c.ServletWebServerApplicationContext : Root WebApplicationContext: initialization completed in 2342 ms
14:17:28:559  INFO 21120 --- [main] o.s.c.openfeign.FeignClientFactoryBean   : For 'item-service' URL not provided. Will try picking an instance via load-balancing.
14:17:30:280  INFO 21120 --- [main] o.s.c.openfeign.FeignClientFactoryBean   : For 'cart-service' URL not provided. Will try picking an instance via load-balancing.
14:17:31:391  INFO 21120 --- [main] pertySourcedRequestMappingHandlerMapping : Mapped URL path [/v2/api-docs] onto method [springfox.documentation.swagger2.web.Swagger2ControllerWebMvc#getDocumentation(String, HttpServletRequest)]
14:17:32:147  WARN 21120 --- [main] iguration$LoadBalancerCaffeineWarnLogger : Spring Cloud LoadBalancer is currently working with the default cache. While this cache implementation is useful for development and tests, it's recommended to use Caffeine cache in production.You can switch to using Caffeine cache, by adding it and org.springframework.cache.caffeine.CaffeineCacheManager to the classpath.
14:17:32:304  INFO 21120 --- [main] com.alibaba.nacos.common.remote.client   : [RpcClientFactory] create a new rpc client of 02fbae16-84dd-4795-9769-8aceea641d91
14:17:32:376  INFO 21120 --- [main] org.reflections.Reflections              : Reflections took 37 ms to scan 1 urls, producing 3 keys and 6 values 
14:17:32:409  INFO 21120 --- [main] org.reflections.Reflections              : Reflections took 8 ms to scan 1 urls, producing 4 keys and 9 values 
14:17:32:418  INFO 21120 --- [main] org.reflections.Reflections              : Reflections took 6 ms to scan 1 urls, producing 3 keys and 10 values 
14:17:32:422  WARN 21120 --- [main] org.reflections.Reflections              : given scan urls are empty. set urls in the configuration
14:17:32:427  INFO 21120 --- [main] org.reflections.Reflections              : Reflections took 4 ms to scan 1 urls, producing 1 keys and 5 values 
14:17:32:436  INFO 21120 --- [main] org.reflections.Reflections              : Reflections took 5 ms to scan 1 urls, producing 1 keys and 7 values 
14:17:32:444  INFO 21120 --- [main] org.reflections.Reflections              : Reflections took 5 ms to scan 1 urls, producing 2 keys and 8 values 
14:17:32:448  WARN 21120 --- [main] org.reflections.Reflections              : given scan urls are empty. set urls in the configuration
14:17:32:449  INFO 21120 --- [main] com.alibaba.nacos.common.remote.client   : [02fbae16-84dd-4795-9769-8aceea641d91] RpcClient init label, labels = {module=naming, source=sdk}
14:17:32:452  INFO 21120 --- [main] com.alibaba.nacos.common.remote.client   : [02fbae16-84dd-4795-9769-8aceea641d91] RpcClient init, ServerListFactory = com.alibaba.nacos.client.naming.core.ServerListManager
14:17:32:452  INFO 21120 --- [main] com.alibaba.nacos.common.remote.client   : [02fbae16-84dd-4795-9769-8aceea641d91] Registry connection listener to current client:com.alibaba.nacos.client.naming.remote.gprc.redo.NamingGrpcRedoService
14:17:32:453  INFO 21120 --- [main] com.alibaba.nacos.common.remote.client   : [02fbae16-84dd-4795-9769-8aceea641d91] Register server push request handler:com.alibaba.nacos.client.naming.remote.gprc.NamingPushRequestHandler
14:17:32:455  INFO 21120 --- [main] com.alibaba.nacos.common.remote.client   : [02fbae16-84dd-4795-9769-8aceea641d91] Try to connect to server on start up, server: {serverIp = '192.168.254.128', server main port = 8848}
14:17:34:842  INFO 21120 --- [main] com.alibaba.nacos.common.remote.client   : [02fbae16-84dd-4795-9769-8aceea641d91] Success to connect to server [192.168.254.128:8848] on start up, connectionId = 1737979320704_192.168.254.1_52216
14:17:34:844  INFO 21120 --- [com.alibaba.nacos.client.remote.worker] com.alibaba.nacos.common.remote.client   : [02fbae16-84dd-4795-9769-8aceea641d91] Notify connected event to listeners.
14:17:34:847  INFO 21120 --- [main] com.alibaba.nacos.common.remote.client   : [02fbae16-84dd-4795-9769-8aceea641d91] Register server push request handler:com.alibaba.nacos.common.remote.client.RpcClient$ConnectResetRequestHandler
14:17:34:848  INFO 21120 --- [main] com.alibaba.nacos.common.remote.client   : [02fbae16-84dd-4795-9769-8aceea641d91] Register server push request handler:com.alibaba.nacos.common.remote.client.RpcClient$$Lambda$1077/0x00000007c0acc040
14:17:34:953  INFO 21120 --- [main] o.s.b.w.embedded.tomcat.TomcatWebServer  : Tomcat started on port(s): 8085 (http) with context path ''
14:17:34:964  INFO 21120 --- [main] c.a.c.n.registry.NacosServiceRegistry    : nacos registry, DEFAULT_GROUP trade-service 192.168.254.1:8085 register finished
14:17:35:430  INFO 21120 --- [nacos-grpc-client-executor-8] com.alibaba.nacos.common.remote.client   : [02fbae16-84dd-4795-9769-8aceea641d91] Receive server push request, request = NotifySubscriberRequest, requestId = 256
14:17:35:433  INFO 21120 --- [nacos-grpc-client-executor-8] com.alibaba.nacos.common.remote.client   : [02fbae16-84dd-4795-9769-8aceea641d91] Ack server push request, request = NotifySubscriberRequest, requestId = 256
14:17:35:485  INFO 21120 --- [main] d.s.w.p.DocumentationPluginsBootstrapper : Documentation plugins bootstrapped
14:17:35:491  INFO 21120 --- [main] d.s.w.p.DocumentationPluginsBootstrapper : Found 1 custom documentation plugin(s)
14:17:35:524  INFO 21120 --- [main] s.d.s.w.s.ApiListingReferenceScanner     : Scanning for api listing references
14:17:35:622  INFO 21120 --- [main] com.hmall.trade.TradeApplication         : Started TradeApplication in 11.413 seconds (JVM running for 43.324)
14:17:56:904  WARN 21120 --- [Thread-14] c.a.nacos.common.notify.NotifyCenter     : [NotifyCenter] Start destroying Publisher
14:17:56:905  WARN 21120 --- [Thread-14] c.a.nacos.common.notify.NotifyCenter     : [NotifyCenter] Destruction of the end
14:17:56:905  WARN 21120 --- [Thread-17] c.a.n.common.http.HttpClientBeanHolder   : [HttpClientBeanHolder] Start destroying common HttpClient
14:17:56:906  WARN 21120 --- [Thread-17] c.a.n.common.http.HttpClientBeanHolder   : [HttpClientBeanHolder] Destruction of the end
14:17:57:267  INFO 21120 --- [SpringApplicationShutdownHook] c.a.c.n.registry.NacosServiceRegistry    : De-registering from Nacos Server now...
14:17:57:271  INFO 21120 --- [SpringApplicationShutdownHook] c.a.c.n.registry.NacosServiceRegistry    : De-registration finished.
14:17:57:600  INFO 21120 --- [SpringApplicationShutdownHook] com.alibaba.nacos.common.remote.client   : Shutdown rpc client, set status to shutdown
14:17:57:600  INFO 21120 --- [SpringApplicationShutdownHook] com.alibaba.nacos.common.remote.client   : Shutdown client event executor java.util.concurrent.ScheduledThreadPoolExecutor@afe3bee[Running, pool size = 2, active threads = 2, queued tasks = 0, completed tasks = 0]
14:17:57:600  INFO 21120 --- [SpringApplicationShutdownHook] com.alibaba.nacos.common.remote.client   : Close current connection 1737979320704_192.168.254.1_52216
14:17:57:603  INFO 21120 --- [nacos-grpc-client-executor-15] c.a.n.c.remote.client.grpc.GrpcClient    : [1737979320704_192.168.254.1_52216]Ignore complete event,isRunning:false,isAbandon=false
14:17:57:606  INFO 21120 --- [SpringApplicationShutdownHook] c.a.n.c.remote.client.grpc.GrpcClient    : Shutdown grpc executor java.util.concurrent.ThreadPoolExecutor@6cf519a1[Running, pool size = 4, active threads = 0, queued tasks = 0, completed tasks = 16]
14:19:14:562  INFO 20704 --- [main] com.hmall.trade.TradeApplication         : Starting TradeApplication using Java 11.0.25 on UNIQUE-ALUO123 with PID 20704 (D:\Knowledge\Java开发\SpringCloud\day02-Docker\资料\hmall\trade-service\target\classes started by unique in D:\Knowledge\Java开发\SpringCloud\day02-Docker\资料\hmall)
14:19:14:562 DEBUG 20704 --- [main] com.hmall.trade.TradeApplication         : Running with Spring Boot v2.7.12, Spring v5.3.27
14:19:14:563  INFO 20704 --- [main] com.hmall.trade.TradeApplication         : The following 1 profile is active: "dev"
14:19:15:537  INFO 20704 --- [main] o.s.cloud.context.scope.GenericScope     : BeanFactory id=e2be6aaa-fd37-3698-802f-6ffc19fca665
14:19:15:999  INFO 20704 --- [main] o.s.b.w.embedded.tomcat.TomcatWebServer  : Tomcat initialized with port(s): 8085 (http)
14:19:16:010  INFO 20704 --- [main] o.apache.catalina.core.StandardService   : Starting service [Tomcat]
14:19:16:010  INFO 20704 --- [main] org.apache.catalina.core.StandardEngine  : Starting Servlet engine: [Apache Tomcat/9.0.75]
14:19:16:121  INFO 20704 --- [main] o.a.c.c.C.[Tomcat].[localhost].[/]       : Initializing Spring embedded WebApplicationContext
14:19:16:121  INFO 20704 --- [main] w.s.c.ServletWebServerApplicationContext : Root WebApplicationContext: initialization completed in 1508 ms
14:19:16:307  INFO 20704 --- [main] o.s.c.openfeign.FeignClientFactoryBean   : For 'item-service' URL not provided. Will try picking an instance via load-balancing.
14:19:17:960  INFO 20704 --- [main] o.s.c.openfeign.FeignClientFactoryBean   : For 'cart-service' URL not provided. Will try picking an instance via load-balancing.
14:19:18:890  INFO 20704 --- [main] pertySourcedRequestMappingHandlerMapping : Mapped URL path [/v2/api-docs] onto method [springfox.documentation.swagger2.web.Swagger2ControllerWebMvc#getDocumentation(String, HttpServletRequest)]
14:19:19:517  WARN 20704 --- [main] iguration$LoadBalancerCaffeineWarnLogger : Spring Cloud LoadBalancer is currently working with the default cache. While this cache implementation is useful for development and tests, it's recommended to use Caffeine cache in production.You can switch to using Caffeine cache, by adding it and org.springframework.cache.caffeine.CaffeineCacheManager to the classpath.
14:19:19:614  INFO 20704 --- [main] com.alibaba.nacos.common.remote.client   : [RpcClientFactory] create a new rpc client of 4f3bcc66-0c74-497e-8c23-b14e78e31648
14:19:19:652  INFO 20704 --- [main] org.reflections.Reflections              : Reflections took 20 ms to scan 1 urls, producing 3 keys and 6 values 
14:19:19:676  INFO 20704 --- [main] org.reflections.Reflections              : Reflections took 7 ms to scan 1 urls, producing 4 keys and 9 values 
14:19:19:684  INFO 20704 --- [main] org.reflections.Reflections              : Reflections took 5 ms to scan 1 urls, producing 3 keys and 10 values 
14:19:19:688  WARN 20704 --- [main] org.reflections.Reflections              : given scan urls are empty. set urls in the configuration
14:19:19:693  INFO 20704 --- [main] org.reflections.Reflections              : Reflections took 5 ms to scan 1 urls, producing 1 keys and 5 values 
14:19:19:700  INFO 20704 --- [main] org.reflections.Reflections              : Reflections took 5 ms to scan 1 urls, producing 1 keys and 7 values 
14:19:19:709  INFO 20704 --- [main] org.reflections.Reflections              : Reflections took 5 ms to scan 1 urls, producing 2 keys and 8 values 
14:19:19:711  WARN 20704 --- [main] org.reflections.Reflections              : given scan urls are empty. set urls in the configuration
14:19:19:712  INFO 20704 --- [main] com.alibaba.nacos.common.remote.client   : [4f3bcc66-0c74-497e-8c23-b14e78e31648] RpcClient init label, labels = {module=naming, source=sdk}
14:19:19:714  INFO 20704 --- [main] com.alibaba.nacos.common.remote.client   : [4f3bcc66-0c74-497e-8c23-b14e78e31648] RpcClient init, ServerListFactory = com.alibaba.nacos.client.naming.core.ServerListManager
14:19:19:714  INFO 20704 --- [main] com.alibaba.nacos.common.remote.client   : [4f3bcc66-0c74-497e-8c23-b14e78e31648] Registry connection listener to current client:com.alibaba.nacos.client.naming.remote.gprc.redo.NamingGrpcRedoService
14:19:19:715  INFO 20704 --- [main] com.alibaba.nacos.common.remote.client   : [4f3bcc66-0c74-497e-8c23-b14e78e31648] Register server push request handler:com.alibaba.nacos.client.naming.remote.gprc.NamingPushRequestHandler
14:19:19:717  INFO 20704 --- [main] com.alibaba.nacos.common.remote.client   : [4f3bcc66-0c74-497e-8c23-b14e78e31648] Try to connect to server on start up, server: {serverIp = '192.168.254.128', server main port = 8848}
14:19:21:519  INFO 20704 --- [main] com.alibaba.nacos.common.remote.client   : [4f3bcc66-0c74-497e-8c23-b14e78e31648] Success to connect to server [192.168.254.128:8848] on start up, connectionId = 1737979436344_192.168.254.1_52356
14:19:21:521  INFO 20704 --- [com.alibaba.nacos.client.remote.worker] com.alibaba.nacos.common.remote.client   : [4f3bcc66-0c74-497e-8c23-b14e78e31648] Notify connected event to listeners.
14:19:21:522  INFO 20704 --- [main] com.alibaba.nacos.common.remote.client   : [4f3bcc66-0c74-497e-8c23-b14e78e31648] Register server push request handler:com.alibaba.nacos.common.remote.client.RpcClient$ConnectResetRequestHandler
14:19:21:524  INFO 20704 --- [main] com.alibaba.nacos.common.remote.client   : [4f3bcc66-0c74-497e-8c23-b14e78e31648] Register server push request handler:com.alibaba.nacos.common.remote.client.RpcClient$$Lambda$1076/0x00000007c0abc040
14:19:21:582  INFO 20704 --- [main] o.s.b.w.embedded.tomcat.TomcatWebServer  : Tomcat started on port(s): 8085 (http) with context path ''
14:19:21:590  INFO 20704 --- [main] c.a.c.n.registry.NacosServiceRegistry    : nacos registry, DEFAULT_GROUP trade-service 192.168.254.1:8085 register finished
14:19:22:080  INFO 20704 --- [nacos-grpc-client-executor-9] com.alibaba.nacos.common.remote.client   : [4f3bcc66-0c74-497e-8c23-b14e78e31648] Receive server push request, request = NotifySubscriberRequest, requestId = 258
14:19:22:082  INFO 20704 --- [nacos-grpc-client-executor-9] com.alibaba.nacos.common.remote.client   : [4f3bcc66-0c74-497e-8c23-b14e78e31648] Ack server push request, request = NotifySubscriberRequest, requestId = 258
14:19:22:135  INFO 20704 --- [main] d.s.w.p.DocumentationPluginsBootstrapper : Documentation plugins bootstrapped
14:19:22:138  INFO 20704 --- [main] d.s.w.p.DocumentationPluginsBootstrapper : Found 1 custom documentation plugin(s)
14:19:22:161  INFO 20704 --- [main] s.d.s.w.s.ApiListingReferenceScanner     : Scanning for api listing references
14:19:22:240  INFO 20704 --- [main] com.hmall.trade.TradeApplication         : Started TradeApplication in 8.79 seconds (JVM running for 30.481)
14:19:25:576  WARN 20704 --- [Thread-17] c.a.n.common.http.HttpClientBeanHolder   : [HttpClientBeanHolder] Start destroying common HttpClient
14:19:25:577  WARN 20704 --- [Thread-17] c.a.n.common.http.HttpClientBeanHolder   : [HttpClientBeanHolder] Destruction of the end
14:19:25:577  WARN 20704 --- [Thread-14] c.a.nacos.common.notify.NotifyCenter     : [NotifyCenter] Start destroying Publisher
14:19:25:577  WARN 20704 --- [Thread-14] c.a.nacos.common.notify.NotifyCenter     : [NotifyCenter] Destruction of the end
14:19:25:939  INFO 20704 --- [SpringApplicationShutdownHook] c.a.c.n.registry.NacosServiceRegistry    : De-registering from Nacos Server now...
14:19:25:943  INFO 20704 --- [SpringApplicationShutdownHook] c.a.c.n.registry.NacosServiceRegistry    : De-registration finished.
14:19:26:448  INFO 20704 --- [nacos-grpc-client-executor-13] com.alibaba.nacos.common.remote.client   : [4f3bcc66-0c74-497e-8c23-b14e78e31648] Receive server push request, request = NotifySubscriberRequest, requestId = 259
14:19:26:449  INFO 20704 --- [nacos-grpc-client-executor-13] com.alibaba.nacos.common.remote.client   : [4f3bcc66-0c74-497e-8c23-b14e78e31648] Ack server push request, request = NotifySubscriberRequest, requestId = 259
14:19:26:603  INFO 20704 --- [SpringApplicationShutdownHook] com.alibaba.nacos.common.remote.client   : Shutdown rpc client, set status to shutdown
14:19:26:603  INFO 20704 --- [SpringApplicationShutdownHook] com.alibaba.nacos.common.remote.client   : Shutdown client event executor java.util.concurrent.ScheduledThreadPoolExecutor@5439b4d0[Running, pool size = 2, active threads = 2, queued tasks = 0, completed tasks = 0]
14:19:26:603  INFO 20704 --- [SpringApplicationShutdownHook] com.alibaba.nacos.common.remote.client   : Close current connection 1737979436344_192.168.254.1_52356
14:19:26:608  INFO 20704 --- [nacos-grpc-client-executor-14] c.a.n.c.remote.client.grpc.GrpcClient    : [1737979436344_192.168.254.1_52356]Ignore complete event,isRunning:false,isAbandon=false
14:19:26:610  INFO 20704 --- [SpringApplicationShutdownHook] c.a.n.c.remote.client.grpc.GrpcClient    : Shutdown grpc executor java.util.concurrent.ThreadPoolExecutor@48f8c571[Running, pool size = 15, active threads = 0, queued tasks = 0, completed tasks = 15]
14:20:49:989  INFO 19468 --- [main] com.hmall.trade.TradeApplication         : Starting TradeApplication using Java 11.0.25 on UNIQUE-ALUO123 with PID 19468 (D:\Knowledge\Java开发\SpringCloud\day02-Docker\资料\hmall\trade-service\target\classes started by unique in D:\Knowledge\Java开发\SpringCloud\day02-Docker\资料\hmall)
14:20:49:990 DEBUG 19468 --- [main] com.hmall.trade.TradeApplication         : Running with Spring Boot v2.7.12, Spring v5.3.27
14:20:49:991  INFO 19468 --- [main] com.hmall.trade.TradeApplication         : The following 1 profile is active: "local"
14:20:52:672  INFO 19468 --- [main] o.s.cloud.context.scope.GenericScope     : BeanFactory id=e2be6aaa-fd37-3698-802f-6ffc19fca665
14:20:53:466  INFO 19468 --- [main] o.s.b.w.embedded.tomcat.TomcatWebServer  : Tomcat initialized with port(s): 8085 (http)
14:20:53:503  INFO 19468 --- [main] o.apache.catalina.core.StandardService   : Starting service [Tomcat]
14:20:53:504  INFO 19468 --- [main] org.apache.catalina.core.StandardEngine  : Starting Servlet engine: [Apache Tomcat/9.0.75]
14:20:53:691  INFO 19468 --- [main] o.a.c.c.C.[Tomcat].[localhost].[/]       : Initializing Spring embedded WebApplicationContext
14:20:53:691  INFO 19468 --- [main] w.s.c.ServletWebServerApplicationContext : Root WebApplicationContext: initialization completed in 3574 ms
14:20:53:987  INFO 19468 --- [main] o.s.c.openfeign.FeignClientFactoryBean   : For 'item-service' URL not provided. Will try picking an instance via load-balancing.
14:20:56:874  INFO 19468 --- [main] o.s.c.openfeign.FeignClientFactoryBean   : For 'cart-service' URL not provided. Will try picking an instance via load-balancing.
14:20:58:322  INFO 19468 --- [main] pertySourcedRequestMappingHandlerMapping : Mapped URL path [/v2/api-docs] onto method [springfox.documentation.swagger2.web.Swagger2ControllerWebMvc#getDocumentation(String, HttpServletRequest)]
14:20:59:774  WARN 19468 --- [main] iguration$LoadBalancerCaffeineWarnLogger : Spring Cloud LoadBalancer is currently working with the default cache. While this cache implementation is useful for development and tests, it's recommended to use Caffeine cache in production.You can switch to using Caffeine cache, by adding it and org.springframework.cache.caffeine.CaffeineCacheManager to the classpath.
14:20:59:944  INFO 19468 --- [main] com.alibaba.nacos.common.remote.client   : [RpcClientFactory] create a new rpc client of c2bf9b75-311f-41d4-960e-7943692976a7
14:21:00:039  INFO 19468 --- [main] org.reflections.Reflections              : Reflections took 54 ms to scan 1 urls, producing 3 keys and 6 values 
14:21:00:074  INFO 19468 --- [main] org.reflections.Reflections              : Reflections took 9 ms to scan 1 urls, producing 4 keys and 9 values 
14:21:00:083  INFO 19468 --- [main] org.reflections.Reflections              : Reflections took 5 ms to scan 1 urls, producing 3 keys and 10 values 
14:21:00:088  WARN 19468 --- [main] org.reflections.Reflections              : given scan urls are empty. set urls in the configuration
14:21:00:093  INFO 19468 --- [main] org.reflections.Reflections              : Reflections took 5 ms to scan 1 urls, producing 1 keys and 5 values 
14:21:00:102  INFO 19468 --- [main] org.reflections.Reflections              : Reflections took 6 ms to scan 1 urls, producing 1 keys and 7 values 
14:21:00:111  INFO 19468 --- [main] org.reflections.Reflections              : Reflections took 6 ms to scan 1 urls, producing 2 keys and 8 values 
14:21:00:113  WARN 19468 --- [main] org.reflections.Reflections              : given scan urls are empty. set urls in the configuration
14:21:00:115  INFO 19468 --- [main] com.alibaba.nacos.common.remote.client   : [c2bf9b75-311f-41d4-960e-7943692976a7] RpcClient init label, labels = {module=naming, source=sdk}
14:21:00:118  INFO 19468 --- [main] com.alibaba.nacos.common.remote.client   : [c2bf9b75-311f-41d4-960e-7943692976a7] RpcClient init, ServerListFactory = com.alibaba.nacos.client.naming.core.ServerListManager
14:21:00:118  INFO 19468 --- [main] com.alibaba.nacos.common.remote.client   : [c2bf9b75-311f-41d4-960e-7943692976a7] Registry connection listener to current client:com.alibaba.nacos.client.naming.remote.gprc.redo.NamingGrpcRedoService
14:21:00:119  INFO 19468 --- [main] com.alibaba.nacos.common.remote.client   : [c2bf9b75-311f-41d4-960e-7943692976a7] Register server push request handler:com.alibaba.nacos.client.naming.remote.gprc.NamingPushRequestHandler
14:21:00:121  INFO 19468 --- [main] com.alibaba.nacos.common.remote.client   : [c2bf9b75-311f-41d4-960e-7943692976a7] Try to connect to server on start up, server: {serverIp = '192.168.254.128', server main port = 8848}
14:21:03:747  INFO 19468 --- [main] com.alibaba.nacos.common.remote.client   : [c2bf9b75-311f-41d4-960e-7943692976a7] Success to connect to server [192.168.254.128:8848] on start up, connectionId = 1737979546957_192.168.254.1_53208
14:21:03:748  INFO 19468 --- [com.alibaba.nacos.client.remote.worker] com.alibaba.nacos.common.remote.client   : [c2bf9b75-311f-41d4-960e-7943692976a7] Notify connected event to listeners.
14:21:03:749  INFO 19468 --- [main] com.alibaba.nacos.common.remote.client   : [c2bf9b75-311f-41d4-960e-7943692976a7] Register server push request handler:com.alibaba.nacos.common.remote.client.RpcClient$ConnectResetRequestHandler
14:21:03:750  INFO 19468 --- [main] com.alibaba.nacos.common.remote.client   : [c2bf9b75-311f-41d4-960e-7943692976a7] Register server push request handler:com.alibaba.nacos.common.remote.client.RpcClient$$Lambda$1077/0x00000007c0a9b040
14:21:03:855  INFO 19468 --- [main] o.s.b.w.embedded.tomcat.TomcatWebServer  : Tomcat started on port(s): 8085 (http) with context path ''
14:21:03:866  INFO 19468 --- [main] c.a.c.n.registry.NacosServiceRegistry    : nacos registry, DEFAULT_GROUP trade-service 192.168.254.1:8085 register finished
14:21:04:270  INFO 19468 --- [nacos-grpc-client-executor-8] com.alibaba.nacos.common.remote.client   : [c2bf9b75-311f-41d4-960e-7943692976a7] Receive server push request, request = NotifySubscriberRequest, requestId = 262
14:21:04:275  INFO 19468 --- [nacos-grpc-client-executor-8] com.alibaba.nacos.common.remote.client   : [c2bf9b75-311f-41d4-960e-7943692976a7] Ack server push request, request = NotifySubscriberRequest, requestId = 262
14:21:04:783  INFO 19468 --- [main] d.s.w.p.DocumentationPluginsBootstrapper : Documentation plugins bootstrapped
14:21:04:786  INFO 19468 --- [main] d.s.w.p.DocumentationPluginsBootstrapper : Found 1 custom documentation plugin(s)
14:21:04:818  INFO 19468 --- [main] s.d.s.w.s.ApiListingReferenceScanner     : Scanning for api listing references
14:21:04:922  INFO 19468 --- [main] com.hmall.trade.TradeApplication         : Started TradeApplication in 17.969 seconds (JVM running for 93.063)
14:21:38:363  WARN 19468 --- [Thread-14] c.a.nacos.common.notify.NotifyCenter     : [NotifyCenter] Start destroying Publisher
14:21:38:363  WARN 19468 --- [Thread-17] c.a.n.common.http.HttpClientBeanHolder   : [HttpClientBeanHolder] Start destroying common HttpClient
14:21:38:363  WARN 19468 --- [Thread-14] c.a.nacos.common.notify.NotifyCenter     : [NotifyCenter] Destruction of the end
14:21:38:365  WARN 19468 --- [Thread-17] c.a.n.common.http.HttpClientBeanHolder   : [HttpClientBeanHolder] Destruction of the end
14:21:38:767  INFO 19468 --- [SpringApplicationShutdownHook] c.a.c.n.registry.NacosServiceRegistry    : De-registering from Nacos Server now...
14:21:38:772  INFO 19468 --- [SpringApplicationShutdownHook] c.a.c.n.registry.NacosServiceRegistry    : De-registration finished.
14:21:39:102  INFO 19468 --- [SpringApplicationShutdownHook] com.alibaba.nacos.common.remote.client   : Shutdown rpc client, set status to shutdown
14:21:39:102  INFO 19468 --- [SpringApplicationShutdownHook] com.alibaba.nacos.common.remote.client   : Shutdown client event executor java.util.concurrent.ScheduledThreadPoolExecutor@2755e540[Running, pool size = 2, active threads = 2, queued tasks = 0, completed tasks = 0]
14:21:39:102  INFO 19468 --- [SpringApplicationShutdownHook] com.alibaba.nacos.common.remote.client   : Close current connection 1737979546957_192.168.254.1_53208
14:21:39:104  INFO 19468 --- [nacos-grpc-client-executor-18] c.a.n.c.remote.client.grpc.GrpcClient    : [1737979546957_192.168.254.1_53208]Ignore complete event,isRunning:false,isAbandon=false
14:21:39:108  INFO 19468 --- [SpringApplicationShutdownHook] c.a.n.c.remote.client.grpc.GrpcClient    : Shutdown grpc executor java.util.concurrent.ThreadPoolExecutor@6d67f9aa[Running, pool size = 5, active threads = 0, queued tasks = 0, completed tasks = 19]
14:43:43:362  INFO 21392 --- [main] com.hmall.trade.TradeApplication         : Starting TradeApplication using Java 11.0.25 on UNIQUE-ALUO123 with PID 21392 (D:\Knowledge\Java开发\SpringCloud\day02-Docker\资料\hmall\trade-service\target\classes started by unique in D:\Knowledge\Java开发\SpringCloud\day02-Docker\资料\hmall)
14:43:43:363 DEBUG 21392 --- [main] com.hmall.trade.TradeApplication         : Running with Spring Boot v2.7.12, Spring v5.3.27
14:43:43:363  INFO 21392 --- [main] com.hmall.trade.TradeApplication         : The following 1 profile is active: "local"
14:43:45:071  INFO 21392 --- [main] o.s.cloud.context.scope.GenericScope     : BeanFactory id=e2be6aaa-fd37-3698-802f-6ffc19fca665
14:43:45:782  INFO 21392 --- [main] o.s.b.w.embedded.tomcat.TomcatWebServer  : Tomcat initialized with port(s): 8085 (http)
14:43:45:816  INFO 21392 --- [main] o.apache.catalina.core.StandardService   : Starting service [Tomcat]
14:43:45:816  INFO 21392 --- [main] org.apache.catalina.core.StandardEngine  : Starting Servlet engine: [Apache Tomcat/9.0.75]
14:43:46:005  INFO 21392 --- [main] o.a.c.c.C.[Tomcat].[localhost].[/]       : Initializing Spring embedded WebApplicationContext
14:43:46:005  INFO 21392 --- [main] w.s.c.ServletWebServerApplicationContext : Root WebApplicationContext: initialization completed in 2568 ms
14:43:46:273  INFO 21392 --- [main] o.s.c.openfeign.FeignClientFactoryBean   : For 'item-service' URL not provided. Will try picking an instance via load-balancing.
14:43:47:979  INFO 21392 --- [main] o.s.c.openfeign.FeignClientFactoryBean   : For 'cart-service' URL not provided. Will try picking an instance via load-balancing.
14:43:49:081  INFO 21392 --- [main] pertySourcedRequestMappingHandlerMapping : Mapped URL path [/v2/api-docs] onto method [springfox.documentation.swagger2.web.Swagger2ControllerWebMvc#getDocumentation(String, HttpServletRequest)]
14:43:49:984  WARN 21392 --- [main] iguration$LoadBalancerCaffeineWarnLogger : Spring Cloud LoadBalancer is currently working with the default cache. While this cache implementation is useful for development and tests, it's recommended to use Caffeine cache in production.You can switch to using Caffeine cache, by adding it and org.springframework.cache.caffeine.CaffeineCacheManager to the classpath.
14:43:50:198  INFO 21392 --- [main] com.alibaba.nacos.common.remote.client   : [RpcClientFactory] create a new rpc client of 33f89919-0915-4fb0-8350-268448061258
14:43:50:271  INFO 21392 --- [main] org.reflections.Reflections              : Reflections took 37 ms to scan 1 urls, producing 3 keys and 6 values 
14:43:50:302  INFO 21392 --- [main] org.reflections.Reflections              : Reflections took 7 ms to scan 1 urls, producing 4 keys and 9 values 
14:43:50:311  INFO 21392 --- [main] org.reflections.Reflections              : Reflections took 4 ms to scan 1 urls, producing 3 keys and 10 values 
14:43:50:313  WARN 21392 --- [main] org.reflections.Reflections              : given scan urls are empty. set urls in the configuration
14:43:50:318  INFO 21392 --- [main] org.reflections.Reflections              : Reflections took 4 ms to scan 1 urls, producing 1 keys and 5 values 
14:43:50:328  INFO 21392 --- [main] org.reflections.Reflections              : Reflections took 6 ms to scan 1 urls, producing 1 keys and 7 values 
14:43:50:335  INFO 21392 --- [main] org.reflections.Reflections              : Reflections took 5 ms to scan 1 urls, producing 2 keys and 8 values 
14:43:50:338  WARN 21392 --- [main] org.reflections.Reflections              : given scan urls are empty. set urls in the configuration
14:43:50:340  INFO 21392 --- [main] com.alibaba.nacos.common.remote.client   : [33f89919-0915-4fb0-8350-268448061258] RpcClient init label, labels = {module=naming, source=sdk}
14:43:50:344  INFO 21392 --- [main] com.alibaba.nacos.common.remote.client   : [33f89919-0915-4fb0-8350-268448061258] RpcClient init, ServerListFactory = com.alibaba.nacos.client.naming.core.ServerListManager
14:43:50:344  INFO 21392 --- [main] com.alibaba.nacos.common.remote.client   : [33f89919-0915-4fb0-8350-268448061258] Registry connection listener to current client:com.alibaba.nacos.client.naming.remote.gprc.redo.NamingGrpcRedoService
14:43:50:345  INFO 21392 --- [main] com.alibaba.nacos.common.remote.client   : [33f89919-0915-4fb0-8350-268448061258] Register server push request handler:com.alibaba.nacos.client.naming.remote.gprc.NamingPushRequestHandler
14:43:50:348  INFO 21392 --- [main] com.alibaba.nacos.common.remote.client   : [33f89919-0915-4fb0-8350-268448061258] Try to connect to server on start up, server: {serverIp = '192.168.254.128', server main port = 8848}
14:43:52:794  INFO 21392 --- [main] com.alibaba.nacos.common.remote.client   : [33f89919-0915-4fb0-8350-268448061258] Success to connect to server [192.168.254.128:8848] on start up, connectionId = 1737981030157_192.168.254.1_56104
14:43:52:796  INFO 21392 --- [com.alibaba.nacos.client.remote.worker] com.alibaba.nacos.common.remote.client   : [33f89919-0915-4fb0-8350-268448061258] Notify connected event to listeners.
14:43:52:799  INFO 21392 --- [main] com.alibaba.nacos.common.remote.client   : [33f89919-0915-4fb0-8350-268448061258] Register server push request handler:com.alibaba.nacos.common.remote.client.RpcClient$ConnectResetRequestHandler
14:43:52:800  INFO 21392 --- [main] com.alibaba.nacos.common.remote.client   : [33f89919-0915-4fb0-8350-268448061258] Register server push request handler:com.alibaba.nacos.common.remote.client.RpcClient$$Lambda$1077/0x00000007c0a9c440
14:43:52:905  INFO 21392 --- [main] o.s.b.w.embedded.tomcat.TomcatWebServer  : Tomcat started on port(s): 8085 (http) with context path ''
14:43:52:916  INFO 21392 --- [main] c.a.c.n.registry.NacosServiceRegistry    : nacos registry, DEFAULT_GROUP trade-service 192.168.254.1:8085 register finished
14:43:53:343  INFO 21392 --- [nacos-grpc-client-executor-9] com.alibaba.nacos.common.remote.client   : [33f89919-0915-4fb0-8350-268448061258] Receive server push request, request = NotifySubscriberRequest, requestId = 278
14:43:53:345  INFO 21392 --- [nacos-grpc-client-executor-9] com.alibaba.nacos.common.remote.client   : [33f89919-0915-4fb0-8350-268448061258] Ack server push request, request = NotifySubscriberRequest, requestId = 278
14:43:53:433  INFO 21392 --- [main] d.s.w.p.DocumentationPluginsBootstrapper : Documentation plugins bootstrapped
14:43:53:440  INFO 21392 --- [main] d.s.w.p.DocumentationPluginsBootstrapper : Found 1 custom documentation plugin(s)
14:43:53:470  INFO 21392 --- [main] s.d.s.w.s.ApiListingReferenceScanner     : Scanning for api listing references
14:43:53:569  INFO 21392 --- [main] com.hmall.trade.TradeApplication         : Started TradeApplication in 12.005 seconds (JVM running for 41.002)
15:12:23:837  WARN 21392 --- [Thread-14] c.a.nacos.common.notify.NotifyCenter     : [NotifyCenter] Start destroying Publisher
15:12:23:838  WARN 21392 --- [Thread-14] c.a.nacos.common.notify.NotifyCenter     : [NotifyCenter] Destruction of the end
15:12:23:839  WARN 21392 --- [Thread-17] c.a.n.common.http.HttpClientBeanHolder   : [HttpClientBeanHolder] Start destroying common HttpClient
15:12:23:840  WARN 21392 --- [Thread-17] c.a.n.common.http.HttpClientBeanHolder   : [HttpClientBeanHolder] Destruction of the end
15:12:24:636  INFO 21392 --- [SpringApplicationShutdownHook] c.a.c.n.registry.NacosServiceRegistry    : De-registering from Nacos Server now...
15:12:24:641  INFO 21392 --- [SpringApplicationShutdownHook] c.a.c.n.registry.NacosServiceRegistry    : De-registration finished.
15:12:24:969  INFO 21392 --- [SpringApplicationShutdownHook] com.alibaba.nacos.common.remote.client   : Shutdown rpc client, set status to shutdown
15:12:24:969  INFO 21392 --- [SpringApplicationShutdownHook] com.alibaba.nacos.common.remote.client   : Shutdown client event executor java.util.concurrent.ScheduledThreadPoolExecutor@2611f785[Running, pool size = 2, active threads = 2, queued tasks = 0, completed tasks = 0]
15:12:24:970  INFO 21392 --- [SpringApplicationShutdownHook] com.alibaba.nacos.common.remote.client   : Close current connection 1737981030157_192.168.254.1_56104
15:12:24:972  INFO 21392 --- [nacos-grpc-client-executor-365] c.a.n.c.remote.client.grpc.GrpcClient    : [1737981030157_192.168.254.1_56104]Ignore complete event,isRunning:false,isAbandon=false
15:12:24:973  INFO 21392 --- [SpringApplicationShutdownHook] c.a.n.c.remote.client.grpc.GrpcClient    : Shutdown grpc executor java.util.concurrent.ThreadPoolExecutor@78aa3808[Running, pool size = 5, active threads = 0, queued tasks = 0, completed tasks = 366]
