17:56:35:952  INFO 22876 --- [main] com.hmall.item.ItemApplication           : The following 1 profile is active: "local"
17:56:37:543  INFO 22876 --- [main] o.s.cloud.context.scope.GenericScope     : BeanFactory id=d17c6435-247e-3468-8a19-c1753fe5056a
17:56:37:652  INFO 22876 --- [main] trationDelegate$BeanPostProcessorChecker : Bean 'io.seata.spring.boot.autoconfigure.SeataCoreAutoConfiguration' of type [io.seata.spring.boot.autoconfigure.SeataCoreAutoConfiguration] is not eligible for getting processed by all BeanPostProcessors (for example: not eligible for auto-proxying)
17:56:37:652  INFO 22876 --- [main] trationDelegate$BeanPostProcessorChecker : Bean 'springApplicationContextProvider' of type [io.seata.spring.boot.autoconfigure.provider.SpringApplicationContextProvider] is not eligible for getting processed by all BeanPostProcessors (for example: not eligible for auto-proxying)
17:56:37:653  INFO 22876 --- [main] trationDelegate$BeanPostProcessorChecker : Bean 'io.seata.spring.boot.autoconfigure.SeataAutoConfiguration' of type [io.seata.spring.boot.autoconfigure.SeataAutoConfiguration] is not eligible for getting processed by all BeanPostProcessors (for example: not eligible for auto-proxying)
17:56:37:713  INFO 22876 --- [main] trationDelegate$BeanPostProcessorChecker : Bean 'failureHandler' of type [io.seata.tm.api.DefaultFailureHandlerImpl] is not eligible for getting processed by all BeanPostProcessors (for example: not eligible for auto-proxying)
17:56:37:716  INFO 22876 --- [main] trationDelegate$BeanPostProcessorChecker : Bean 'org.springframework.cloud.commons.config.CommonsConfigAutoConfiguration' of type [org.springframework.cloud.commons.config.CommonsConfigAutoConfiguration] is not eligible for getting processed by all BeanPostProcessors (for example: not eligible for auto-proxying)
17:56:37:717  INFO 22876 --- [main] trationDelegate$BeanPostProcessorChecker : Bean 'org.springframework.cloud.client.loadbalancer.LoadBalancerDefaultMappingsProviderAutoConfiguration' of type [org.springframework.cloud.client.loadbalancer.LoadBalancerDefaultMappingsProviderAutoConfiguration] is not eligible for getting processed by all BeanPostProcessors (for example: not eligible for auto-proxying)
17:56:37:717  INFO 22876 --- [main] trationDelegate$BeanPostProcessorChecker : Bean 'loadBalancerClientsDefaultsMappingsProvider' of type [org.springframework.cloud.client.loadbalancer.LoadBalancerDefaultMappingsProviderAutoConfiguration$$Lambda$657/0x00000007c0a1f840] is not eligible for getting processed by all BeanPostProcessors (for example: not eligible for auto-proxying)
17:56:37:718  INFO 22876 --- [main] trationDelegate$BeanPostProcessorChecker : Bean 'defaultsBindHandlerAdvisor' of type [org.springframework.cloud.commons.config.DefaultsBindHandlerAdvisor] is not eligible for getting processed by all BeanPostProcessors (for example: not eligible for auto-proxying)
17:56:37:721  INFO 22876 --- [main] trationDelegate$BeanPostProcessorChecker : Bean 'springCloudAlibabaConfiguration' of type [io.seata.spring.boot.autoconfigure.properties.SpringCloudAlibabaConfiguration] is not eligible for getting processed by all BeanPostProcessors (for example: not eligible for auto-proxying)
17:56:37:723  INFO 22876 --- [main] trationDelegate$BeanPostProcessorChecker : Bean 'seataProperties' of type [io.seata.spring.boot.autoconfigure.properties.SeataProperties] is not eligible for getting processed by all BeanPostProcessors (for example: not eligible for auto-proxying)
17:56:37:727  INFO 22876 --- [main] i.s.s.b.a.SeataAutoConfiguration         : Automatically configure Seata
17:56:37:801  INFO 22876 --- [main] io.seata.config.ConfigurationFactory     : load Configuration from :Spring Configuration
17:56:37:807  INFO 22876 --- [main] io.seata.config.ConfigurationFactory     : load Configuration from :Spring Configuration
17:56:37:964  INFO 22876 --- [main] i.s.s.a.GlobalTransactionScanner         : Initializing Global Transaction Clients ... 
17:56:38:070  INFO 22876 --- [main] i.s.core.rpc.netty.NettyClientBootstrap  : NettyClientBootstrap has started
17:56:38:254  INFO 22876 --- [main] com.alibaba.nacos.common.remote.client   : [RpcClientFactory] create a new rpc client of 0913be43-0925-4564-b073-213483f59808
17:56:38:254  INFO 22876 --- [main] com.alibaba.nacos.common.remote.client   : [0913be43-0925-4564-b073-213483f59808] RpcClient init label, labels = {module=naming, source=sdk}
17:56:38:258  INFO 22876 --- [main] com.alibaba.nacos.common.remote.client   : [0913be43-0925-4564-b073-213483f59808] RpcClient init, ServerListFactory = com.alibaba.nacos.client.naming.core.ServerListManager
17:56:38:258  INFO 22876 --- [main] com.alibaba.nacos.common.remote.client   : [0913be43-0925-4564-b073-213483f59808] Registry connection listener to current client:com.alibaba.nacos.client.naming.remote.gprc.redo.NamingGrpcRedoService
17:56:38:259  INFO 22876 --- [main] com.alibaba.nacos.common.remote.client   : [0913be43-0925-4564-b073-213483f59808] Register server push request handler:com.alibaba.nacos.client.naming.remote.gprc.NamingPushRequestHandler
17:56:38:260  INFO 22876 --- [main] com.alibaba.nacos.common.remote.client   : [0913be43-0925-4564-b073-213483f59808] Try to connect to server on start up, server: {serverIp = '192.168.254.128', server main port = 8848}
17:56:38:381  INFO 22876 --- [main] com.alibaba.nacos.common.remote.client   : [0913be43-0925-4564-b073-213483f59808] Success to connect to server [192.168.254.128:8848] on start up, connectionId = 1740131798131_192.168.254.1_54526
17:56:38:381  INFO 22876 --- [main] com.alibaba.nacos.common.remote.client   : [0913be43-0925-4564-b073-213483f59808] Register server push request handler:com.alibaba.nacos.common.remote.client.RpcClient$ConnectResetRequestHandler
17:56:38:381  INFO 22876 --- [com.alibaba.nacos.client.remote.worker] com.alibaba.nacos.common.remote.client   : [0913be43-0925-4564-b073-213483f59808] Notify connected event to listeners.
17:56:38:382  INFO 22876 --- [main] com.alibaba.nacos.common.remote.client   : [0913be43-0925-4564-b073-213483f59808] Register server push request handler:com.alibaba.nacos.common.remote.client.RpcClient$$Lambda$563/0x00000007c0751040
17:56:38:437 ERROR 22876 --- [main] i.s.c.r.netty.NettyClientChannelManager  : no available service found in cluster 'default', please make sure registry config correct and keep your seata server running
17:56:38:437  INFO 22876 --- [main] i.s.s.a.GlobalTransactionScanner         : Transaction Manager Client is initialized. applicationId[item-service] txServiceGroup[hmall]
17:56:38:453  INFO 22876 --- [main] io.seata.rm.datasource.AsyncWorker       : Async Commit Buffer Limit: 10000
17:56:38:453  INFO 22876 --- [main] i.s.rm.datasource.xa.ResourceManagerXA   : ResourceManagerXA init ...
17:56:38:470  INFO 22876 --- [main] i.s.core.rpc.netty.NettyClientBootstrap  : NettyClientBootstrap has started
17:56:38:470  INFO 22876 --- [main] i.s.s.a.GlobalTransactionScanner         : Resource Manager is initialized. applicationId[item-service] txServiceGroup[hmall]
17:56:38:471  INFO 22876 --- [main] i.s.s.a.GlobalTransactionScanner         : Global Transaction Clients are initialized. 
17:56:38:473  INFO 22876 --- [main] trationDelegate$BeanPostProcessorChecker : Bean 'io.seata.spring.boot.autoconfigure.SeataDataSourceAutoConfiguration' of type [io.seata.spring.boot.autoconfigure.SeataDataSourceAutoConfiguration] is not eligible for getting processed by all BeanPostProcessors (for example: not eligible for auto-proxying)
17:56:38:854  INFO 22876 --- [main] trationDelegate$BeanPostProcessorChecker : Bean 'com.alibaba.cloud.seata.feign.SeataFeignClientAutoConfiguration$FeignBeanPostProcessorConfiguration' of type [com.alibaba.cloud.seata.feign.SeataFeignClientAutoConfiguration$FeignBeanPostProcessorConfiguration] is not eligible for getting processed by all BeanPostProcessors (for example: not eligible for auto-proxying)
17:56:38:857  INFO 22876 --- [main] trationDelegate$BeanPostProcessorChecker : Bean 'seataFeignObjectWrapper' of type [com.alibaba.cloud.seata.feign.SeataFeignObjectWrapper] is not eligible for getting processed by all BeanPostProcessors (for example: not eligible for auto-proxying)
17:56:38:984  INFO 22876 --- [nacos-grpc-client-executor-4] com.alibaba.nacos.common.remote.client   : [0913be43-0925-4564-b073-213483f59808] Receive server push request, request = NotifySubscriberRequest, requestId = 22
17:56:38:986  INFO 22876 --- [nacos-grpc-client-executor-4] com.alibaba.nacos.common.remote.client   : [0913be43-0925-4564-b073-213483f59808] Ack server push request, request = NotifySubscriberRequest, requestId = 22
17:56:39:411  INFO 22876 --- [main] o.s.b.w.embedded.tomcat.TomcatWebServer  : Tomcat initialized with port(s): 8083 (http)
17:56:39:448  INFO 22876 --- [main] o.apache.catalina.core.StandardService   : Starting service [Tomcat]
17:56:39:448  INFO 22876 --- [main] org.apache.catalina.core.StandardEngine  : Starting Servlet engine: [Apache Tomcat/9.0.75]
17:56:39:663  INFO 22876 --- [main] o.a.c.c.C.[Tomcat].[localhost].[/]       : Initializing Spring embedded WebApplicationContext
17:56:39:663  INFO 22876 --- [main] w.s.c.ServletWebServerApplicationContext : Root WebApplicationContext: initialization completed in 3662 ms
17:56:40:015  INFO 22876 --- [main] com.zaxxer.hikari.HikariDataSource       : HikariPool-1 - Starting...
17:56:40:458  INFO 22876 --- [main] com.zaxxer.hikari.HikariDataSource       : HikariPool-1 - Start completed.
17:56:40:583 ERROR 22876 --- [main] i.s.c.r.netty.NettyClientChannelManager  : no available service found in cluster 'default', please make sure registry config correct and keep your seata server running
17:56:42:750  INFO 21836 --- [main] com.hmall.item.ItemApplication           : The following 1 profile is active: "local"
17:56:43:790  INFO 22876 --- [main] c.a.c.sentinel.SentinelWebMvcConfigurer  : [Sentinel Starter] register SentinelWebInterceptor with urlPatterns: [/**].
17:56:44:329  INFO 21836 --- [main] o.s.cloud.context.scope.GenericScope     : BeanFactory id=d17c6435-247e-3468-8a19-c1753fe5056a
17:56:44:419  INFO 21836 --- [main] trationDelegate$BeanPostProcessorChecker : Bean 'io.seata.spring.boot.autoconfigure.SeataCoreAutoConfiguration' of type [io.seata.spring.boot.autoconfigure.SeataCoreAutoConfiguration] is not eligible for getting processed by all BeanPostProcessors (for example: not eligible for auto-proxying)
17:56:44:420  INFO 21836 --- [main] trationDelegate$BeanPostProcessorChecker : Bean 'springApplicationContextProvider' of type [io.seata.spring.boot.autoconfigure.provider.SpringApplicationContextProvider] is not eligible for getting processed by all BeanPostProcessors (for example: not eligible for auto-proxying)
17:56:44:420  INFO 21836 --- [main] trationDelegate$BeanPostProcessorChecker : Bean 'io.seata.spring.boot.autoconfigure.SeataAutoConfiguration' of type [io.seata.spring.boot.autoconfigure.SeataAutoConfiguration] is not eligible for getting processed by all BeanPostProcessors (for example: not eligible for auto-proxying)
17:56:44:475  INFO 21836 --- [main] trationDelegate$BeanPostProcessorChecker : Bean 'failureHandler' of type [io.seata.tm.api.DefaultFailureHandlerImpl] is not eligible for getting processed by all BeanPostProcessors (for example: not eligible for auto-proxying)
17:56:44:478  INFO 21836 --- [main] trationDelegate$BeanPostProcessorChecker : Bean 'org.springframework.cloud.commons.config.CommonsConfigAutoConfiguration' of type [org.springframework.cloud.commons.config.CommonsConfigAutoConfiguration] is not eligible for getting processed by all BeanPostProcessors (for example: not eligible for auto-proxying)
17:56:44:479  INFO 21836 --- [main] trationDelegate$BeanPostProcessorChecker : Bean 'org.springframework.cloud.client.loadbalancer.LoadBalancerDefaultMappingsProviderAutoConfiguration' of type [org.springframework.cloud.client.loadbalancer.LoadBalancerDefaultMappingsProviderAutoConfiguration] is not eligible for getting processed by all BeanPostProcessors (for example: not eligible for auto-proxying)
17:56:44:479  INFO 21836 --- [main] trationDelegate$BeanPostProcessorChecker : Bean 'loadBalancerClientsDefaultsMappingsProvider' of type [org.springframework.cloud.client.loadbalancer.LoadBalancerDefaultMappingsProviderAutoConfiguration$$Lambda$658/0x00000007c0a17840] is not eligible for getting processed by all BeanPostProcessors (for example: not eligible for auto-proxying)
17:56:44:480  INFO 21836 --- [main] trationDelegate$BeanPostProcessorChecker : Bean 'defaultsBindHandlerAdvisor' of type [org.springframework.cloud.commons.config.DefaultsBindHandlerAdvisor] is not eligible for getting processed by all BeanPostProcessors (for example: not eligible for auto-proxying)
17:56:44:484  INFO 21836 --- [main] trationDelegate$BeanPostProcessorChecker : Bean 'springCloudAlibabaConfiguration' of type [io.seata.spring.boot.autoconfigure.properties.SpringCloudAlibabaConfiguration] is not eligible for getting processed by all BeanPostProcessors (for example: not eligible for auto-proxying)
17:56:44:485  INFO 21836 --- [main] trationDelegate$BeanPostProcessorChecker : Bean 'seataProperties' of type [io.seata.spring.boot.autoconfigure.properties.SeataProperties] is not eligible for getting processed by all BeanPostProcessors (for example: not eligible for auto-proxying)
17:56:44:488  INFO 21836 --- [main] i.s.s.b.a.SeataAutoConfiguration         : Automatically configure Seata
17:56:44:576  INFO 21836 --- [main] io.seata.config.ConfigurationFactory     : load Configuration from :Spring Configuration
17:56:44:582  INFO 21836 --- [main] io.seata.config.ConfigurationFactory     : load Configuration from :Spring Configuration
17:56:44:727  INFO 21836 --- [main] i.s.s.a.GlobalTransactionScanner         : Initializing Global Transaction Clients ... 
17:56:44:832  INFO 21836 --- [main] i.s.core.rpc.netty.NettyClientBootstrap  : NettyClientBootstrap has started
17:56:45:016  INFO 21836 --- [main] com.alibaba.nacos.common.remote.client   : [RpcClientFactory] create a new rpc client of 7566eace-d8a9-4c90-bdcd-abde3cfb5804
17:56:45:016  INFO 21836 --- [main] com.alibaba.nacos.common.remote.client   : [7566eace-d8a9-4c90-bdcd-abde3cfb5804] RpcClient init label, labels = {module=naming, source=sdk}
17:56:45:019  INFO 21836 --- [main] com.alibaba.nacos.common.remote.client   : [7566eace-d8a9-4c90-bdcd-abde3cfb5804] RpcClient init, ServerListFactory = com.alibaba.nacos.client.naming.core.ServerListManager
17:56:45:019  INFO 21836 --- [main] com.alibaba.nacos.common.remote.client   : [7566eace-d8a9-4c90-bdcd-abde3cfb5804] Registry connection listener to current client:com.alibaba.nacos.client.naming.remote.gprc.redo.NamingGrpcRedoService
17:56:45:020  INFO 21836 --- [main] com.alibaba.nacos.common.remote.client   : [7566eace-d8a9-4c90-bdcd-abde3cfb5804] Register server push request handler:com.alibaba.nacos.client.naming.remote.gprc.NamingPushRequestHandler
17:56:45:020  INFO 21836 --- [main] com.alibaba.nacos.common.remote.client   : [7566eace-d8a9-4c90-bdcd-abde3cfb5804] Try to connect to server on start up, server: {serverIp = '192.168.254.128', server main port = 8848}
17:56:45:142  INFO 21836 --- [main] com.alibaba.nacos.common.remote.client   : [7566eace-d8a9-4c90-bdcd-abde3cfb5804] Success to connect to server [192.168.254.128:8848] on start up, connectionId = 1740131804889_192.168.254.1_54619
17:56:45:142  INFO 21836 --- [main] com.alibaba.nacos.common.remote.client   : [7566eace-d8a9-4c90-bdcd-abde3cfb5804] Register server push request handler:com.alibaba.nacos.common.remote.client.RpcClient$ConnectResetRequestHandler
17:56:45:142  INFO 21836 --- [main] com.alibaba.nacos.common.remote.client   : [7566eace-d8a9-4c90-bdcd-abde3cfb5804] Register server push request handler:com.alibaba.nacos.common.remote.client.RpcClient$$Lambda$564/0x00000007c0751040
17:56:45:142  INFO 21836 --- [com.alibaba.nacos.client.remote.worker] com.alibaba.nacos.common.remote.client   : [7566eace-d8a9-4c90-bdcd-abde3cfb5804] Notify connected event to listeners.
17:56:45:190 ERROR 21836 --- [main] i.s.c.r.netty.NettyClientChannelManager  : no available service found in cluster 'default', please make sure registry config correct and keep your seata server running
17:56:45:190  INFO 21836 --- [main] i.s.s.a.GlobalTransactionScanner         : Transaction Manager Client is initialized. applicationId[item-service] txServiceGroup[hmall]
17:56:45:199  INFO 22876 --- [main] pertySourcedRequestMappingHandlerMapping : Mapped URL path [/v2/api-docs] onto method [springfox.documentation.swagger2.web.Swagger2ControllerWebMvc#getDocumentation(String, HttpServletRequest)]
17:56:45:206  INFO 21836 --- [main] io.seata.rm.datasource.AsyncWorker       : Async Commit Buffer Limit: 10000
17:56:45:206  INFO 21836 --- [main] i.s.rm.datasource.xa.ResourceManagerXA   : ResourceManagerXA init ...
17:56:45:217  INFO 21836 --- [main] i.s.core.rpc.netty.NettyClientBootstrap  : NettyClientBootstrap has started
17:56:45:217  INFO 21836 --- [main] i.s.s.a.GlobalTransactionScanner         : Resource Manager is initialized. applicationId[item-service] txServiceGroup[hmall]
17:56:45:218  INFO 21836 --- [main] i.s.s.a.GlobalTransactionScanner         : Global Transaction Clients are initialized. 
17:56:45:220  INFO 21836 --- [main] trationDelegate$BeanPostProcessorChecker : Bean 'io.seata.spring.boot.autoconfigure.SeataDataSourceAutoConfiguration' of type [io.seata.spring.boot.autoconfigure.SeataDataSourceAutoConfiguration] is not eligible for getting processed by all BeanPostProcessors (for example: not eligible for auto-proxying)
17:56:45:539  INFO 21836 --- [main] trationDelegate$BeanPostProcessorChecker : Bean 'com.alibaba.cloud.seata.feign.SeataFeignClientAutoConfiguration$FeignBeanPostProcessorConfiguration' of type [com.alibaba.cloud.seata.feign.SeataFeignClientAutoConfiguration$FeignBeanPostProcessorConfiguration] is not eligible for getting processed by all BeanPostProcessors (for example: not eligible for auto-proxying)
17:56:45:541  INFO 21836 --- [main] trationDelegate$BeanPostProcessorChecker : Bean 'seataFeignObjectWrapper' of type [com.alibaba.cloud.seata.feign.SeataFeignObjectWrapper] is not eligible for getting processed by all BeanPostProcessors (for example: not eligible for auto-proxying)
17:56:45:699  INFO 21836 --- [nacos-grpc-client-executor-4] com.alibaba.nacos.common.remote.client   : [7566eace-d8a9-4c90-bdcd-abde3cfb5804] Receive server push request, request = NotifySubscriberRequest, requestId = 23
17:56:45:700  INFO 21836 --- [nacos-grpc-client-executor-4] com.alibaba.nacos.common.remote.client   : [7566eace-d8a9-4c90-bdcd-abde3cfb5804] Ack server push request, request = NotifySubscriberRequest, requestId = 23
17:56:46:038  INFO 21836 --- [main] o.s.b.w.embedded.tomcat.TomcatWebServer  : Tomcat initialized with port(s): 8081 (http)
17:56:46:072  INFO 21836 --- [main] o.apache.catalina.core.StandardService   : Starting service [Tomcat]
17:56:46:072  INFO 21836 --- [main] org.apache.catalina.core.StandardEngine  : Starting Servlet engine: [Apache Tomcat/9.0.75]
17:56:46:263  INFO 21836 --- [main] o.a.c.c.C.[Tomcat].[localhost].[/]       : Initializing Spring embedded WebApplicationContext
17:56:46:263  INFO 21836 --- [main] w.s.c.ServletWebServerApplicationContext : Root WebApplicationContext: initialization completed in 3486 ms
17:56:46:557  WARN 22876 --- [main] iguration$LoadBalancerCaffeineWarnLogger : Spring Cloud LoadBalancer is currently working with the default cache. While this cache implementation is useful for development and tests, it's recommended to use Caffeine cache in production.You can switch to using Caffeine cache, by adding it and org.springframework.cache.caffeine.CaffeineCacheManager to the classpath.
17:56:46:590  INFO 21836 --- [main] com.zaxxer.hikari.HikariDataSource       : HikariPool-1 - Starting...
17:56:46:761  INFO 22876 --- [main] com.alibaba.nacos.common.remote.client   : [RpcClientFactory] create a new rpc client of f70f8020-4b97-4f1e-ac05-7bf4c14ea9f2
17:56:46:761  INFO 22876 --- [main] com.alibaba.nacos.common.remote.client   : [f70f8020-4b97-4f1e-ac05-7bf4c14ea9f2] RpcClient init label, labels = {module=naming, source=sdk}
17:56:46:762  INFO 22876 --- [main] com.alibaba.nacos.common.remote.client   : [f70f8020-4b97-4f1e-ac05-7bf4c14ea9f2] RpcClient init, ServerListFactory = com.alibaba.nacos.client.naming.core.ServerListManager
17:56:46:762  INFO 22876 --- [main] com.alibaba.nacos.common.remote.client   : [f70f8020-4b97-4f1e-ac05-7bf4c14ea9f2] Registry connection listener to current client:com.alibaba.nacos.client.naming.remote.gprc.redo.NamingGrpcRedoService
17:56:46:762  INFO 22876 --- [main] com.alibaba.nacos.common.remote.client   : [f70f8020-4b97-4f1e-ac05-7bf4c14ea9f2] Register server push request handler:com.alibaba.nacos.client.naming.remote.gprc.NamingPushRequestHandler
17:56:46:762  INFO 22876 --- [main] com.alibaba.nacos.common.remote.client   : [f70f8020-4b97-4f1e-ac05-7bf4c14ea9f2] Try to connect to server on start up, server: {serverIp = '192.168.254.128', server main port = 8848}
17:56:46:891  INFO 22876 --- [main] com.alibaba.nacos.common.remote.client   : [f70f8020-4b97-4f1e-ac05-7bf4c14ea9f2] Success to connect to server [192.168.254.128:8848] on start up, connectionId = 1740131806632_192.168.254.1_54623
17:56:46:891  INFO 22876 --- [main] com.alibaba.nacos.common.remote.client   : [f70f8020-4b97-4f1e-ac05-7bf4c14ea9f2] Register server push request handler:com.alibaba.nacos.common.remote.client.RpcClient$ConnectResetRequestHandler
17:56:46:891  INFO 22876 --- [com.alibaba.nacos.client.remote.worker] com.alibaba.nacos.common.remote.client   : [f70f8020-4b97-4f1e-ac05-7bf4c14ea9f2] Notify connected event to listeners.
17:56:46:891  INFO 22876 --- [main] com.alibaba.nacos.common.remote.client   : [f70f8020-4b97-4f1e-ac05-7bf4c14ea9f2] Register server push request handler:com.alibaba.nacos.common.remote.client.RpcClient$$Lambda$563/0x00000007c0751040
17:56:46:919  INFO 22876 --- [main] o.s.b.w.embedded.tomcat.TomcatWebServer  : Tomcat started on port(s): 8083 (http) with context path ''
17:56:46:932  INFO 22876 --- [main] c.a.c.n.registry.NacosServiceRegistry    : nacos registry, DEFAULT_GROUP item-service 172.29.36.66:8083 register finished
17:56:46:950  INFO 21836 --- [main] com.zaxxer.hikari.HikariDataSource       : HikariPool-1 - Start completed.
17:56:47:018 ERROR 21836 --- [main] i.s.c.r.netty.NettyClientChannelManager  : no available service found in cluster 'default', please make sure registry config correct and keep your seata server running
17:56:47:483  INFO 22876 --- [nacos-grpc-client-executor-5] com.alibaba.nacos.common.remote.client   : [f70f8020-4b97-4f1e-ac05-7bf4c14ea9f2] Receive server push request, request = NotifySubscriberRequest, requestId = 24
17:56:47:485  INFO 22876 --- [nacos-grpc-client-executor-5] com.alibaba.nacos.common.remote.client   : [f70f8020-4b97-4f1e-ac05-7bf4c14ea9f2] Ack server push request, request = NotifySubscriberRequest, requestId = 24
17:56:48:049  INFO 22876 --- [main] d.s.w.p.DocumentationPluginsBootstrapper : Documentation plugins bootstrapped
17:56:48:052  INFO 22876 --- [main] d.s.w.p.DocumentationPluginsBootstrapper : Found 1 custom documentation plugin(s)
17:56:48:077  INFO 22876 --- [main] s.d.s.w.s.ApiListingReferenceScanner     : Scanning for api listing references
17:56:48:208  INFO 22876 --- [main] com.hmall.item.ItemApplication           : Started ItemApplication in 24.766 seconds (JVM running for 97.562)
17:56:48:216  INFO 22876 --- [main] c.a.c.n.refresh.NacosContextRefresher    : [Nacos Config] Listening config: dataId=item-service.yaml, group=DEFAULT_GROUP
17:56:48:216  INFO 22876 --- [main] c.a.c.n.refresh.NacosContextRefresher    : [Nacos Config] Listening config: dataId=item-service-local.yaml, group=DEFAULT_GROUP
17:56:48:217  INFO 22876 --- [main] c.a.c.n.refresh.NacosContextRefresher    : [Nacos Config] Listening config: dataId=item-service, group=DEFAULT_GROUP
17:56:49:869  INFO 21836 --- [main] c.a.c.sentinel.SentinelWebMvcConfigurer  : [Sentinel Starter] register SentinelWebInterceptor with urlPatterns: [/**].
17:56:51:171  INFO 21836 --- [main] pertySourcedRequestMappingHandlerMapping : Mapped URL path [/v2/api-docs] onto method [springfox.documentation.swagger2.web.Swagger2ControllerWebMvc#getDocumentation(String, HttpServletRequest)]
17:56:52:422  WARN 21836 --- [main] iguration$LoadBalancerCaffeineWarnLogger : Spring Cloud LoadBalancer is currently working with the default cache. While this cache implementation is useful for development and tests, it's recommended to use Caffeine cache in production.You can switch to using Caffeine cache, by adding it and org.springframework.cache.caffeine.CaffeineCacheManager to the classpath.
17:56:52:596  INFO 21836 --- [main] com.alibaba.nacos.common.remote.client   : [RpcClientFactory] create a new rpc client of ac8747a8-0a4b-4f56-bc87-e9a6a7e57c16
17:56:52:596  INFO 21836 --- [main] com.alibaba.nacos.common.remote.client   : [ac8747a8-0a4b-4f56-bc87-e9a6a7e57c16] RpcClient init label, labels = {module=naming, source=sdk}
17:56:52:597  INFO 21836 --- [main] com.alibaba.nacos.common.remote.client   : [ac8747a8-0a4b-4f56-bc87-e9a6a7e57c16] RpcClient init, ServerListFactory = com.alibaba.nacos.client.naming.core.ServerListManager
17:56:52:597  INFO 21836 --- [main] com.alibaba.nacos.common.remote.client   : [ac8747a8-0a4b-4f56-bc87-e9a6a7e57c16] Registry connection listener to current client:com.alibaba.nacos.client.naming.remote.gprc.redo.NamingGrpcRedoService
17:56:52:597  INFO 21836 --- [main] com.alibaba.nacos.common.remote.client   : [ac8747a8-0a4b-4f56-bc87-e9a6a7e57c16] Register server push request handler:com.alibaba.nacos.client.naming.remote.gprc.NamingPushRequestHandler
17:56:52:597  INFO 21836 --- [main] com.alibaba.nacos.common.remote.client   : [ac8747a8-0a4b-4f56-bc87-e9a6a7e57c16] Try to connect to server on start up, server: {serverIp = '192.168.254.128', server main port = 8848}
17:56:52:729  INFO 21836 --- [main] com.alibaba.nacos.common.remote.client   : [ac8747a8-0a4b-4f56-bc87-e9a6a7e57c16] Success to connect to server [192.168.254.128:8848] on start up, connectionId = 1740131812466_192.168.254.1_54639
17:56:52:729  INFO 21836 --- [com.alibaba.nacos.client.remote.worker] com.alibaba.nacos.common.remote.client   : [ac8747a8-0a4b-4f56-bc87-e9a6a7e57c16] Notify connected event to listeners.
17:56:52:729  INFO 21836 --- [main] com.alibaba.nacos.common.remote.client   : [ac8747a8-0a4b-4f56-bc87-e9a6a7e57c16] Register server push request handler:com.alibaba.nacos.common.remote.client.RpcClient$ConnectResetRequestHandler
17:56:52:729  INFO 21836 --- [main] com.alibaba.nacos.common.remote.client   : [ac8747a8-0a4b-4f56-bc87-e9a6a7e57c16] Register server push request handler:com.alibaba.nacos.common.remote.client.RpcClient$$Lambda$564/0x00000007c0751040
17:56:52:756  INFO 21836 --- [main] o.s.b.w.embedded.tomcat.TomcatWebServer  : Tomcat started on port(s): 8081 (http) with context path ''
17:56:52:764  INFO 21836 --- [main] c.a.c.n.registry.NacosServiceRegistry    : nacos registry, DEFAULT_GROUP item-service 172.29.36.66:8081 register finished
17:56:53:292  INFO 22876 --- [nacos-grpc-client-executor-7] com.alibaba.nacos.common.remote.client   : [f70f8020-4b97-4f1e-ac05-7bf4c14ea9f2] Receive server push request, request = NotifySubscriberRequest, requestId = 25
17:56:53:294  INFO 22876 --- [nacos-grpc-client-executor-7] com.alibaba.nacos.common.remote.client   : [f70f8020-4b97-4f1e-ac05-7bf4c14ea9f2] Ack server push request, request = NotifySubscriberRequest, requestId = 25
17:56:53:294  INFO 21836 --- [nacos-grpc-client-executor-7] com.alibaba.nacos.common.remote.client   : [ac8747a8-0a4b-4f56-bc87-e9a6a7e57c16] Receive server push request, request = NotifySubscriberRequest, requestId = 26
17:56:53:295  INFO 21836 --- [nacos-grpc-client-executor-7] com.alibaba.nacos.common.remote.client   : [ac8747a8-0a4b-4f56-bc87-e9a6a7e57c16] Ack server push request, request = NotifySubscriberRequest, requestId = 26
17:56:53:587  INFO 21836 --- [main] d.s.w.p.DocumentationPluginsBootstrapper : Documentation plugins bootstrapped
17:56:53:590  INFO 21836 --- [main] d.s.w.p.DocumentationPluginsBootstrapper : Found 1 custom documentation plugin(s)
17:56:53:615  INFO 21836 --- [main] s.d.s.w.s.ApiListingReferenceScanner     : Scanning for api listing references
17:56:53:734  INFO 21836 --- [main] com.hmall.item.ItemApplication           : Started ItemApplication in 20.2 seconds (JVM running for 99.041)
17:56:53:742  INFO 21836 --- [main] c.a.c.n.refresh.NacosContextRefresher    : [Nacos Config] Listening config: dataId=item-service.yaml, group=DEFAULT_GROUP
17:56:53:743  INFO 21836 --- [main] c.a.c.n.refresh.NacosContextRefresher    : [Nacos Config] Listening config: dataId=item-service-local.yaml, group=DEFAULT_GROUP
17:56:53:744  INFO 21836 --- [main] c.a.c.n.refresh.NacosContextRefresher    : [Nacos Config] Listening config: dataId=item-service, group=DEFAULT_GROUP
17:57:38:071 ERROR 22876 --- [timeoutChecker_1_1] i.s.c.r.netty.NettyClientChannelManager  : no available service found in cluster 'default', please make sure registry config correct and keep your seata server running
17:57:38:478 ERROR 22876 --- [timeoutChecker_2_1] i.s.c.r.netty.NettyClientChannelManager  : no available service found in cluster 'default', please make sure registry config correct and keep your seata server running
17:57:44:826 ERROR 21836 --- [timeoutChecker_1_1] i.s.c.r.netty.NettyClientChannelManager  : no available service found in cluster 'default', please make sure registry config correct and keep your seata server running
17:57:45:230 ERROR 21836 --- [timeoutChecker_2_1] i.s.c.r.netty.NettyClientChannelManager  : no available service found in cluster 'default', please make sure registry config correct and keep your seata server running
17:57:48:072 ERROR 22876 --- [timeoutChecker_1_1] i.s.c.r.netty.NettyClientChannelManager  : no available service found in cluster 'default', please make sure registry config correct and keep your seata server running
17:57:48:477 ERROR 22876 --- [timeoutChecker_2_1] i.s.c.r.netty.NettyClientChannelManager  : no available service found in cluster 'default', please make sure registry config correct and keep your seata server running
17:57:54:829 ERROR 21836 --- [timeoutChecker_1_1] i.s.c.r.netty.NettyClientChannelManager  : no available service found in cluster 'default', please make sure registry config correct and keep your seata server running
17:57:55:221 ERROR 21836 --- [timeoutChecker_2_1] i.s.c.r.netty.NettyClientChannelManager  : no available service found in cluster 'default', please make sure registry config correct and keep your seata server running
17:57:58:077 ERROR 22876 --- [timeoutChecker_1_1] i.s.c.r.netty.NettyClientChannelManager  : no available service found in cluster 'default', please make sure registry config correct and keep your seata server running
17:57:58:481 ERROR 22876 --- [timeoutChecker_2_1] i.s.c.r.netty.NettyClientChannelManager  : no available service found in cluster 'default', please make sure registry config correct and keep your seata server running
17:58:04:841 ERROR 21836 --- [timeoutChecker_1_1] i.s.c.r.netty.NettyClientChannelManager  : no available service found in cluster 'default', please make sure registry config correct and keep your seata server running
17:58:05:231 ERROR 21836 --- [timeoutChecker_2_1] i.s.c.r.netty.NettyClientChannelManager  : no available service found in cluster 'default', please make sure registry config correct and keep your seata server running
17:58:08:071 ERROR 22876 --- [timeoutChecker_1_1] i.s.c.r.netty.NettyClientChannelManager  : no available service found in cluster 'default', please make sure registry config correct and keep your seata server running
17:58:08:474 ERROR 22876 --- [timeoutChecker_2_1] i.s.c.r.netty.NettyClientChannelManager  : no available service found in cluster 'default', please make sure registry config correct and keep your seata server running
17:58:14:830 ERROR 21836 --- [timeoutChecker_1_1] i.s.c.r.netty.NettyClientChannelManager  : no available service found in cluster 'default', please make sure registry config correct and keep your seata server running
17:58:15:221 ERROR 21836 --- [timeoutChecker_2_1] i.s.c.r.netty.NettyClientChannelManager  : no available service found in cluster 'default', please make sure registry config correct and keep your seata server running
17:58:18:064 ERROR 22876 --- [timeoutChecker_1_1] i.s.c.r.netty.NettyClientChannelManager  : no available service found in cluster 'default', please make sure registry config correct and keep your seata server running
17:58:18:483 ERROR 22876 --- [timeoutChecker_2_1] i.s.c.r.netty.NettyClientChannelManager  : no available service found in cluster 'default', please make sure registry config correct and keep your seata server running
17:58:24:836 ERROR 21836 --- [timeoutChecker_1_1] i.s.c.r.netty.NettyClientChannelManager  : no available service found in cluster 'default', please make sure registry config correct and keep your seata server running
17:58:25:224 ERROR 21836 --- [timeoutChecker_2_1] i.s.c.r.netty.NettyClientChannelManager  : no available service found in cluster 'default', please make sure registry config correct and keep your seata server running
17:58:28:067 ERROR 22876 --- [timeoutChecker_1_1] i.s.c.r.netty.NettyClientChannelManager  : no available service found in cluster 'default', please make sure registry config correct and keep your seata server running
17:58:28:472 ERROR 22876 --- [timeoutChecker_2_1] i.s.c.r.netty.NettyClientChannelManager  : no available service found in cluster 'default', please make sure registry config correct and keep your seata server running
17:58:34:836 ERROR 21836 --- [timeoutChecker_1_1] i.s.c.r.netty.NettyClientChannelManager  : no available service found in cluster 'default', please make sure registry config correct and keep your seata server running
17:58:35:224 ERROR 21836 --- [timeoutChecker_2_1] i.s.c.r.netty.NettyClientChannelManager  : no available service found in cluster 'default', please make sure registry config correct and keep your seata server running
17:58:38:065 ERROR 22876 --- [timeoutChecker_1_1] i.s.c.r.netty.NettyClientChannelManager  : no available service found in cluster 'default', please make sure registry config correct and keep your seata server running
17:58:38:482 ERROR 22876 --- [timeoutChecker_2_1] i.s.c.r.netty.NettyClientChannelManager  : no available service found in cluster 'default', please make sure registry config correct and keep your seata server running
17:58:44:838 ERROR 21836 --- [timeoutChecker_1_1] i.s.c.r.netty.NettyClientChannelManager  : no available service found in cluster 'default', please make sure registry config correct and keep your seata server running
17:58:45:227 ERROR 21836 --- [timeoutChecker_2_1] i.s.c.r.netty.NettyClientChannelManager  : no available service found in cluster 'default', please make sure registry config correct and keep your seata server running
17:58:48:077 ERROR 22876 --- [timeoutChecker_1_1] i.s.c.r.netty.NettyClientChannelManager  : no available service found in cluster 'default', please make sure registry config correct and keep your seata server running
17:58:48:468 ERROR 22876 --- [timeoutChecker_2_1] i.s.c.r.netty.NettyClientChannelManager  : no available service found in cluster 'default', please make sure registry config correct and keep your seata server running
17:58:54:836 ERROR 21836 --- [timeoutChecker_1_1] i.s.c.r.netty.NettyClientChannelManager  : no available service found in cluster 'default', please make sure registry config correct and keep your seata server running
17:58:55:225 ERROR 21836 --- [timeoutChecker_2_1] i.s.c.r.netty.NettyClientChannelManager  : no available service found in cluster 'default', please make sure registry config correct and keep your seata server running
17:58:58:074 ERROR 22876 --- [timeoutChecker_1_1] i.s.c.r.netty.NettyClientChannelManager  : no available service found in cluster 'default', please make sure registry config correct and keep your seata server running
17:58:58:477 ERROR 22876 --- [timeoutChecker_2_1] i.s.c.r.netty.NettyClientChannelManager  : no available service found in cluster 'default', please make sure registry config correct and keep your seata server running
17:59:04:836 ERROR 21836 --- [timeoutChecker_1_1] i.s.c.r.netty.NettyClientChannelManager  : no available service found in cluster 'default', please make sure registry config correct and keep your seata server running
17:59:05:223 ERROR 21836 --- [timeoutChecker_2_1] i.s.c.r.netty.NettyClientChannelManager  : no available service found in cluster 'default', please make sure registry config correct and keep your seata server running
17:59:08:070 ERROR 22876 --- [timeoutChecker_1_1] i.s.c.r.netty.NettyClientChannelManager  : no available service found in cluster 'default', please make sure registry config correct and keep your seata server running
17:59:08:469 ERROR 22876 --- [timeoutChecker_2_1] i.s.c.r.netty.NettyClientChannelManager  : no available service found in cluster 'default', please make sure registry config correct and keep your seata server running
17:59:14:837 ERROR 21836 --- [timeoutChecker_1_1] i.s.c.r.netty.NettyClientChannelManager  : no available service found in cluster 'default', please make sure registry config correct and keep your seata server running
17:59:15:221 ERROR 21836 --- [timeoutChecker_2_1] i.s.c.r.netty.NettyClientChannelManager  : no available service found in cluster 'default', please make sure registry config correct and keep your seata server running
17:59:18:068 ERROR 22876 --- [timeoutChecker_1_1] i.s.c.r.netty.NettyClientChannelManager  : no available service found in cluster 'default', please make sure registry config correct and keep your seata server running
17:59:18:470 ERROR 22876 --- [timeoutChecker_2_1] i.s.c.r.netty.NettyClientChannelManager  : no available service found in cluster 'default', please make sure registry config correct and keep your seata server running
17:59:24:827 ERROR 21836 --- [timeoutChecker_1_1] i.s.c.r.netty.NettyClientChannelManager  : no available service found in cluster 'default', please make sure registry config correct and keep your seata server running
17:59:25:218 ERROR 21836 --- [timeoutChecker_2_1] i.s.c.r.netty.NettyClientChannelManager  : no available service found in cluster 'default', please make sure registry config correct and keep your seata server running
17:59:28:078 ERROR 22876 --- [timeoutChecker_1_1] i.s.c.r.netty.NettyClientChannelManager  : no available service found in cluster 'default', please make sure registry config correct and keep your seata server running
17:59:28:479 ERROR 22876 --- [timeoutChecker_2_1] i.s.c.r.netty.NettyClientChannelManager  : no available service found in cluster 'default', please make sure registry config correct and keep your seata server running
17:59:34:825 ERROR 21836 --- [timeoutChecker_1_1] i.s.c.r.netty.NettyClientChannelManager  : no available service found in cluster 'default', please make sure registry config correct and keep your seata server running
17:59:35:229 ERROR 21836 --- [timeoutChecker_2_1] i.s.c.r.netty.NettyClientChannelManager  : no available service found in cluster 'default', please make sure registry config correct and keep your seata server running
17:59:38:076 ERROR 22876 --- [timeoutChecker_1_1] i.s.c.r.netty.NettyClientChannelManager  : no available service found in cluster 'default', please make sure registry config correct and keep your seata server running
17:59:38:491 ERROR 22876 --- [timeoutChecker_2_1] i.s.c.r.netty.NettyClientChannelManager  : no available service found in cluster 'default', please make sure registry config correct and keep your seata server running
17:59:44:825 ERROR 21836 --- [timeoutChecker_1_1] i.s.c.r.netty.NettyClientChannelManager  : no available service found in cluster 'default', please make sure registry config correct and keep your seata server running
17:59:45:225 ERROR 21836 --- [timeoutChecker_2_1] i.s.c.r.netty.NettyClientChannelManager  : no available service found in cluster 'default', please make sure registry config correct and keep your seata server running
17:59:48:064 ERROR 22876 --- [timeoutChecker_1_1] i.s.c.r.netty.NettyClientChannelManager  : no available service found in cluster 'default', please make sure registry config correct and keep your seata server running
17:59:48:483 ERROR 22876 --- [timeoutChecker_2_1] i.s.c.r.netty.NettyClientChannelManager  : no available service found in cluster 'default', please make sure registry config correct and keep your seata server running
17:59:54:832 ERROR 21836 --- [timeoutChecker_1_1] i.s.c.r.netty.NettyClientChannelManager  : no available service found in cluster 'default', please make sure registry config correct and keep your seata server running
17:59:55:219 ERROR 21836 --- [timeoutChecker_2_1] i.s.c.r.netty.NettyClientChannelManager  : no available service found in cluster 'default', please make sure registry config correct and keep your seata server running
17:59:58:073 ERROR 22876 --- [timeoutChecker_1_1] i.s.c.r.netty.NettyClientChannelManager  : no available service found in cluster 'default', please make sure registry config correct and keep your seata server running
17:59:58:477 ERROR 22876 --- [timeoutChecker_2_1] i.s.c.r.netty.NettyClientChannelManager  : no available service found in cluster 'default', please make sure registry config correct and keep your seata server running
18:00:04:831 ERROR 21836 --- [timeoutChecker_1_1] i.s.c.r.netty.NettyClientChannelManager  : no available service found in cluster 'default', please make sure registry config correct and keep your seata server running
18:00:05:231 ERROR 21836 --- [timeoutChecker_2_1] i.s.c.r.netty.NettyClientChannelManager  : no available service found in cluster 'default', please make sure registry config correct and keep your seata server running
18:00:08:072 ERROR 22876 --- [timeoutChecker_1_1] i.s.c.r.netty.NettyClientChannelManager  : no available service found in cluster 'default', please make sure registry config correct and keep your seata server running
18:00:08:477 ERROR 22876 --- [timeoutChecker_2_1] i.s.c.r.netty.NettyClientChannelManager  : no available service found in cluster 'default', please make sure registry config correct and keep your seata server running
18:00:14:831 ERROR 21836 --- [timeoutChecker_1_1] i.s.c.r.netty.NettyClientChannelManager  : no available service found in cluster 'default', please make sure registry config correct and keep your seata server running
18:00:15:220 ERROR 21836 --- [timeoutChecker_2_1] i.s.c.r.netty.NettyClientChannelManager  : no available service found in cluster 'default', please make sure registry config correct and keep your seata server running
18:00:18:069 ERROR 22876 --- [timeoutChecker_1_1] i.s.c.r.netty.NettyClientChannelManager  : no available service found in cluster 'default', please make sure registry config correct and keep your seata server running
18:00:18:472 ERROR 22876 --- [timeoutChecker_2_1] i.s.c.r.netty.NettyClientChannelManager  : no available service found in cluster 'default', please make sure registry config correct and keep your seata server running
18:00:24:832 ERROR 21836 --- [timeoutChecker_1_1] i.s.c.r.netty.NettyClientChannelManager  : no available service found in cluster 'default', please make sure registry config correct and keep your seata server running
18:00:25:219 ERROR 21836 --- [timeoutChecker_2_1] i.s.c.r.netty.NettyClientChannelManager  : no available service found in cluster 'default', please make sure registry config correct and keep your seata server running
18:00:28:065 ERROR 22876 --- [timeoutChecker_1_1] i.s.c.r.netty.NettyClientChannelManager  : no available service found in cluster 'default', please make sure registry config correct and keep your seata server running
18:00:28:469 ERROR 22876 --- [timeoutChecker_2_1] i.s.c.r.netty.NettyClientChannelManager  : no available service found in cluster 'default', please make sure registry config correct and keep your seata server running
18:00:34:834 ERROR 21836 --- [timeoutChecker_1_1] i.s.c.r.netty.NettyClientChannelManager  : no available service found in cluster 'default', please make sure registry config correct and keep your seata server running
18:00:35:225 ERROR 21836 --- [timeoutChecker_2_1] i.s.c.r.netty.NettyClientChannelManager  : no available service found in cluster 'default', please make sure registry config correct and keep your seata server running
18:00:38:070 ERROR 22876 --- [timeoutChecker_1_1] i.s.c.r.netty.NettyClientChannelManager  : no available service found in cluster 'default', please make sure registry config correct and keep your seata server running
18:00:38:474 ERROR 22876 --- [timeoutChecker_2_1] i.s.c.r.netty.NettyClientChannelManager  : no available service found in cluster 'default', please make sure registry config correct and keep your seata server running
18:00:44:836 ERROR 21836 --- [timeoutChecker_1_1] i.s.c.r.netty.NettyClientChannelManager  : no available service found in cluster 'default', please make sure registry config correct and keep your seata server running
18:00:45:222 ERROR 21836 --- [timeoutChecker_2_1] i.s.c.r.netty.NettyClientChannelManager  : no available service found in cluster 'default', please make sure registry config correct and keep your seata server running
18:00:48:073 ERROR 22876 --- [timeoutChecker_1_1] i.s.c.r.netty.NettyClientChannelManager  : no available service found in cluster 'default', please make sure registry config correct and keep your seata server running
18:00:48:479 ERROR 22876 --- [timeoutChecker_2_1] i.s.c.r.netty.NettyClientChannelManager  : no available service found in cluster 'default', please make sure registry config correct and keep your seata server running
18:00:54:827 ERROR 21836 --- [timeoutChecker_1_1] i.s.c.r.netty.NettyClientChannelManager  : no available service found in cluster 'default', please make sure registry config correct and keep your seata server running
18:00:55:230 ERROR 21836 --- [timeoutChecker_2_1] i.s.c.r.netty.NettyClientChannelManager  : no available service found in cluster 'default', please make sure registry config correct and keep your seata server running
18:00:58:076 ERROR 22876 --- [timeoutChecker_1_1] i.s.c.r.netty.NettyClientChannelManager  : no available service found in cluster 'default', please make sure registry config correct and keep your seata server running
18:00:58:478 ERROR 22876 --- [timeoutChecker_2_1] i.s.c.r.netty.NettyClientChannelManager  : no available service found in cluster 'default', please make sure registry config correct and keep your seata server running
18:01:04:828 ERROR 21836 --- [timeoutChecker_1_1] i.s.c.r.netty.NettyClientChannelManager  : no available service found in cluster 'default', please make sure registry config correct and keep your seata server running
18:01:05:217 ERROR 21836 --- [timeoutChecker_2_1] i.s.c.r.netty.NettyClientChannelManager  : no available service found in cluster 'default', please make sure registry config correct and keep your seata server running
18:01:08:079 ERROR 22876 --- [timeoutChecker_1_1] i.s.c.r.netty.NettyClientChannelManager  : no available service found in cluster 'default', please make sure registry config correct and keep your seata server running
18:01:08:480 ERROR 22876 --- [timeoutChecker_2_1] i.s.c.r.netty.NettyClientChannelManager  : no available service found in cluster 'default', please make sure registry config correct and keep your seata server running
18:01:14:830 ERROR 21836 --- [timeoutChecker_1_1] i.s.c.r.netty.NettyClientChannelManager  : no available service found in cluster 'default', please make sure registry config correct and keep your seata server running
18:01:15:220 ERROR 21836 --- [timeoutChecker_2_1] i.s.c.r.netty.NettyClientChannelManager  : no available service found in cluster 'default', please make sure registry config correct and keep your seata server running
18:01:18:077 ERROR 22876 --- [timeoutChecker_1_1] i.s.c.r.netty.NettyClientChannelManager  : no available service found in cluster 'default', please make sure registry config correct and keep your seata server running
18:01:18:483 ERROR 22876 --- [timeoutChecker_2_1] i.s.c.r.netty.NettyClientChannelManager  : no available service found in cluster 'default', please make sure registry config correct and keep your seata server running
18:01:24:836 ERROR 21836 --- [timeoutChecker_1_1] i.s.c.r.netty.NettyClientChannelManager  : no available service found in cluster 'default', please make sure registry config correct and keep your seata server running
18:01:25:224 ERROR 21836 --- [timeoutChecker_2_1] i.s.c.r.netty.NettyClientChannelManager  : no available service found in cluster 'default', please make sure registry config correct and keep your seata server running
18:01:28:066 ERROR 22876 --- [timeoutChecker_1_1] i.s.c.r.netty.NettyClientChannelManager  : no available service found in cluster 'default', please make sure registry config correct and keep your seata server running
18:01:28:484 ERROR 22876 --- [timeoutChecker_2_1] i.s.c.r.netty.NettyClientChannelManager  : no available service found in cluster 'default', please make sure registry config correct and keep your seata server running
18:01:34:828 ERROR 21836 --- [timeoutChecker_1_1] i.s.c.r.netty.NettyClientChannelManager  : no available service found in cluster 'default', please make sure registry config correct and keep your seata server running
18:01:35:229 ERROR 21836 --- [timeoutChecker_2_1] i.s.c.r.netty.NettyClientChannelManager  : no available service found in cluster 'default', please make sure registry config correct and keep your seata server running
18:01:38:070 ERROR 22876 --- [timeoutChecker_1_1] i.s.c.r.netty.NettyClientChannelManager  : no available service found in cluster 'default', please make sure registry config correct and keep your seata server running
18:01:38:474 ERROR 22876 --- [timeoutChecker_2_1] i.s.c.r.netty.NettyClientChannelManager  : no available service found in cluster 'default', please make sure registry config correct and keep your seata server running
18:01:44:832 ERROR 21836 --- [timeoutChecker_1_1] i.s.c.r.netty.NettyClientChannelManager  : no available service found in cluster 'default', please make sure registry config correct and keep your seata server running
18:01:45:218 ERROR 21836 --- [timeoutChecker_2_1] i.s.c.r.netty.NettyClientChannelManager  : no available service found in cluster 'default', please make sure registry config correct and keep your seata server running
18:01:48:067 ERROR 22876 --- [timeoutChecker_1_1] i.s.c.r.netty.NettyClientChannelManager  : no available service found in cluster 'default', please make sure registry config correct and keep your seata server running
18:01:48:472 ERROR 22876 --- [timeoutChecker_2_1] i.s.c.r.netty.NettyClientChannelManager  : no available service found in cluster 'default', please make sure registry config correct and keep your seata server running
18:01:54:836 ERROR 21836 --- [timeoutChecker_1_1] i.s.c.r.netty.NettyClientChannelManager  : no available service found in cluster 'default', please make sure registry config correct and keep your seata server running
18:01:55:222 ERROR 21836 --- [timeoutChecker_2_1] i.s.c.r.netty.NettyClientChannelManager  : no available service found in cluster 'default', please make sure registry config correct and keep your seata server running
18:01:58:077 ERROR 22876 --- [timeoutChecker_1_1] i.s.c.r.netty.NettyClientChannelManager  : no available service found in cluster 'default', please make sure registry config correct and keep your seata server running
18:01:58:482 ERROR 22876 --- [timeoutChecker_2_1] i.s.c.r.netty.NettyClientChannelManager  : no available service found in cluster 'default', please make sure registry config correct and keep your seata server running
