17:55:51:607  INFO 17916 --- [main] com.hmall.user.UserApplication           : The following 1 profile is active: "local"
17:55:54:932  INFO 17916 --- [main] o.s.cloud.context.scope.GenericScope     : BeanFactory id=6b0ff091-bb17-33d7-bda9-0e0faaa7332c
17:55:55:102  INFO 17916 --- [main] trationDelegate$BeanPostProcessorChecker : Bean 'io.seata.spring.boot.autoconfigure.SeataCoreAutoConfiguration' of type [io.seata.spring.boot.autoconfigure.SeataCoreAutoConfiguration] is not eligible for getting processed by all BeanPostProcessors (for example: not eligible for auto-proxying)
17:55:55:102  INFO 17916 --- [main] trationDelegate$BeanPostProcessorChecker : Bean 'springApplicationContextProvider' of type [io.seata.spring.boot.autoconfigure.provider.SpringApplicationContextProvider] is not eligible for getting processed by all BeanPostProcessors (for example: not eligible for auto-proxying)
17:55:55:102  INFO 17916 --- [main] trationDelegate$BeanPostProcessorChecker : Bean 'io.seata.spring.boot.autoconfigure.SeataAutoConfiguration' of type [io.seata.spring.boot.autoconfigure.SeataAutoConfiguration] is not eligible for getting processed by all BeanPostProcessors (for example: not eligible for auto-proxying)
17:55:55:194  INFO 17916 --- [main] trationDelegate$BeanPostProcessorChecker : Bean 'failureHandler' of type [io.seata.tm.api.DefaultFailureHandlerImpl] is not eligible for getting processed by all BeanPostProcessors (for example: not eligible for auto-proxying)
17:55:55:198  INFO 17916 --- [main] trationDelegate$BeanPostProcessorChecker : Bean 'org.springframework.cloud.commons.config.CommonsConfigAutoConfiguration' of type [org.springframework.cloud.commons.config.CommonsConfigAutoConfiguration] is not eligible for getting processed by all BeanPostProcessors (for example: not eligible for auto-proxying)
17:55:55:200  INFO 17916 --- [main] trationDelegate$BeanPostProcessorChecker : Bean 'org.springframework.cloud.client.loadbalancer.LoadBalancerDefaultMappingsProviderAutoConfiguration' of type [org.springframework.cloud.client.loadbalancer.LoadBalancerDefaultMappingsProviderAutoConfiguration] is not eligible for getting processed by all BeanPostProcessors (for example: not eligible for auto-proxying)
17:55:55:201  INFO 17916 --- [main] trationDelegate$BeanPostProcessorChecker : Bean 'loadBalancerClientsDefaultsMappingsProvider' of type [org.springframework.cloud.client.loadbalancer.LoadBalancerDefaultMappingsProviderAutoConfiguration$$Lambda$672/0x00000007c0a3fc40] is not eligible for getting processed by all BeanPostProcessors (for example: not eligible for auto-proxying)
17:55:55:202  INFO 17916 --- [main] trationDelegate$BeanPostProcessorChecker : Bean 'defaultsBindHandlerAdvisor' of type [org.springframework.cloud.commons.config.DefaultsBindHandlerAdvisor] is not eligible for getting processed by all BeanPostProcessors (for example: not eligible for auto-proxying)
17:55:55:208  INFO 17916 --- [main] trationDelegate$BeanPostProcessorChecker : Bean 'springCloudAlibabaConfiguration' of type [io.seata.spring.boot.autoconfigure.properties.SpringCloudAlibabaConfiguration] is not eligible for getting processed by all BeanPostProcessors (for example: not eligible for auto-proxying)
17:55:55:211  INFO 17916 --- [main] trationDelegate$BeanPostProcessorChecker : Bean 'seataProperties' of type [io.seata.spring.boot.autoconfigure.properties.SeataProperties] is not eligible for getting processed by all BeanPostProcessors (for example: not eligible for auto-proxying)
17:55:55:214  INFO 17916 --- [main] i.s.s.b.a.SeataAutoConfiguration         : Automatically configure Seata
17:55:55:320  INFO 17916 --- [main] io.seata.config.ConfigurationFactory     : load Configuration from :Spring Configuration
17:55:55:329  INFO 17916 --- [main] io.seata.config.ConfigurationFactory     : load Configuration from :Spring Configuration
17:55:55:513  INFO 17916 --- [main] i.s.s.a.GlobalTransactionScanner         : Initializing Global Transaction Clients ... 
17:55:55:647  INFO 17916 --- [main] i.s.core.rpc.netty.NettyClientBootstrap  : NettyClientBootstrap has started
17:55:55:854  INFO 17916 --- [main] com.alibaba.nacos.common.remote.client   : [RpcClientFactory] create a new rpc client of d2f687cd-6a30-4184-b50a-0269a42ccf27
17:55:55:854  INFO 17916 --- [main] com.alibaba.nacos.common.remote.client   : [d2f687cd-6a30-4184-b50a-0269a42ccf27] RpcClient init label, labels = {module=naming, source=sdk}
17:55:55:859  INFO 17916 --- [main] com.alibaba.nacos.common.remote.client   : [d2f687cd-6a30-4184-b50a-0269a42ccf27] RpcClient init, ServerListFactory = com.alibaba.nacos.client.naming.core.ServerListManager
17:55:55:859  INFO 17916 --- [main] com.alibaba.nacos.common.remote.client   : [d2f687cd-6a30-4184-b50a-0269a42ccf27] Registry connection listener to current client:com.alibaba.nacos.client.naming.remote.gprc.redo.NamingGrpcRedoService
17:55:55:860  INFO 17916 --- [main] com.alibaba.nacos.common.remote.client   : [d2f687cd-6a30-4184-b50a-0269a42ccf27] Register server push request handler:com.alibaba.nacos.client.naming.remote.gprc.NamingPushRequestHandler
17:55:55:860  INFO 17916 --- [main] com.alibaba.nacos.common.remote.client   : [d2f687cd-6a30-4184-b50a-0269a42ccf27] Try to connect to server on start up, server: {serverIp = '192.168.254.128', server main port = 8848}
17:55:55:995  INFO 17916 --- [main] com.alibaba.nacos.common.remote.client   : [d2f687cd-6a30-4184-b50a-0269a42ccf27] Success to connect to server [192.168.254.128:8848] on start up, connectionId = 1740131755732_192.168.254.1_54241
17:55:55:995  INFO 17916 --- [main] com.alibaba.nacos.common.remote.client   : [d2f687cd-6a30-4184-b50a-0269a42ccf27] Register server push request handler:com.alibaba.nacos.common.remote.client.RpcClient$ConnectResetRequestHandler
17:55:55:995  INFO 17916 --- [com.alibaba.nacos.client.remote.worker] com.alibaba.nacos.common.remote.client   : [d2f687cd-6a30-4184-b50a-0269a42ccf27] Notify connected event to listeners.
17:55:55:996  INFO 17916 --- [main] com.alibaba.nacos.common.remote.client   : [d2f687cd-6a30-4184-b50a-0269a42ccf27] Register server push request handler:com.alibaba.nacos.common.remote.client.RpcClient$$Lambda$577/0x00000007c078bc40
17:55:56:053 ERROR 17916 --- [main] i.s.c.r.netty.NettyClientChannelManager  : no available service found in cluster 'default', please make sure registry config correct and keep your seata server running
17:55:56:054  INFO 17916 --- [main] i.s.s.a.GlobalTransactionScanner         : Transaction Manager Client is initialized. applicationId[user-service] txServiceGroup[hmall]
17:55:56:074  INFO 17916 --- [main] io.seata.rm.datasource.AsyncWorker       : Async Commit Buffer Limit: 10000
17:55:56:075  INFO 17916 --- [main] i.s.rm.datasource.xa.ResourceManagerXA   : ResourceManagerXA init ...
17:55:56:089  INFO 17916 --- [main] i.s.core.rpc.netty.NettyClientBootstrap  : NettyClientBootstrap has started
17:55:56:090  INFO 17916 --- [main] i.s.s.a.GlobalTransactionScanner         : Resource Manager is initialized. applicationId[user-service] txServiceGroup[hmall]
17:55:56:090  INFO 17916 --- [main] i.s.s.a.GlobalTransactionScanner         : Global Transaction Clients are initialized. 
17:55:56:092  INFO 17916 --- [main] trationDelegate$BeanPostProcessorChecker : Bean 'io.seata.spring.boot.autoconfigure.SeataDataSourceAutoConfiguration' of type [io.seata.spring.boot.autoconfigure.SeataDataSourceAutoConfiguration] is not eligible for getting processed by all BeanPostProcessors (for example: not eligible for auto-proxying)
17:55:56:577  INFO 17916 --- [main] trationDelegate$BeanPostProcessorChecker : Bean 'com.alibaba.cloud.seata.feign.SeataFeignClientAutoConfiguration$FeignBeanPostProcessorConfiguration' of type [com.alibaba.cloud.seata.feign.SeataFeignClientAutoConfiguration$FeignBeanPostProcessorConfiguration] is not eligible for getting processed by all BeanPostProcessors (for example: not eligible for auto-proxying)
17:55:56:580  INFO 17916 --- [main] trationDelegate$BeanPostProcessorChecker : Bean 'seataFeignObjectWrapper' of type [com.alibaba.cloud.seata.feign.SeataFeignObjectWrapper] is not eligible for getting processed by all BeanPostProcessors (for example: not eligible for auto-proxying)
17:55:56:598  INFO 17916 --- [nacos-grpc-client-executor-4] com.alibaba.nacos.common.remote.client   : [d2f687cd-6a30-4184-b50a-0269a42ccf27] Receive server push request, request = NotifySubscriberRequest, requestId = 17
17:55:56:600  INFO 17916 --- [nacos-grpc-client-executor-4] com.alibaba.nacos.common.remote.client   : [d2f687cd-6a30-4184-b50a-0269a42ccf27] Ack server push request, request = NotifySubscriberRequest, requestId = 17
17:55:57:127  INFO 17916 --- [main] o.s.b.w.embedded.tomcat.TomcatWebServer  : Tomcat initialized with port(s): 8084 (http)
17:55:57:167  INFO 17916 --- [main] o.apache.catalina.core.StandardService   : Starting service [Tomcat]
17:55:57:167  INFO 17916 --- [main] org.apache.catalina.core.StandardEngine  : Starting Servlet engine: [Apache Tomcat/9.0.75]
17:55:57:400  INFO 17916 --- [main] o.a.c.c.C.[Tomcat].[localhost].[/]       : Initializing Spring embedded WebApplicationContext
17:55:57:400  INFO 17916 --- [main] w.s.c.ServletWebServerApplicationContext : Root WebApplicationContext: initialization completed in 5745 ms
17:55:57:783  INFO 17916 --- [main] com.zaxxer.hikari.HikariDataSource       : HikariPool-1 - Starting...
17:55:58:286  INFO 17916 --- [main] com.zaxxer.hikari.HikariDataSource       : HikariPool-1 - Start completed.
17:55:58:369 ERROR 17916 --- [main] i.s.c.r.netty.NettyClientChannelManager  : no available service found in cluster 'default', please make sure registry config correct and keep your seata server running
17:56:03:317  INFO 17916 --- [main] c.a.c.sentinel.SentinelWebMvcConfigurer  : [Sentinel Starter] register SentinelWebInterceptor with urlPatterns: [/**].
17:56:05:555  INFO 17916 --- [main] pertySourcedRequestMappingHandlerMapping : Mapped URL path [/v2/api-docs] onto method [springfox.documentation.swagger2.web.Swagger2ControllerWebMvc#getDocumentation(String, HttpServletRequest)]
17:56:07:730  WARN 17916 --- [main] iguration$LoadBalancerCaffeineWarnLogger : Spring Cloud LoadBalancer is currently working with the default cache. While this cache implementation is useful for development and tests, it's recommended to use Caffeine cache in production.You can switch to using Caffeine cache, by adding it and org.springframework.cache.caffeine.CaffeineCacheManager to the classpath.
17:56:08:020  INFO 17916 --- [main] com.alibaba.nacos.common.remote.client   : [RpcClientFactory] create a new rpc client of 0ef6af92-8c6d-48b6-8ef8-4b3494736917
17:56:08:020  INFO 17916 --- [main] com.alibaba.nacos.common.remote.client   : [0ef6af92-8c6d-48b6-8ef8-4b3494736917] RpcClient init label, labels = {module=naming, source=sdk}
17:56:08:021  INFO 17916 --- [main] com.alibaba.nacos.common.remote.client   : [0ef6af92-8c6d-48b6-8ef8-4b3494736917] RpcClient init, ServerListFactory = com.alibaba.nacos.client.naming.core.ServerListManager
17:56:08:021  INFO 17916 --- [main] com.alibaba.nacos.common.remote.client   : [0ef6af92-8c6d-48b6-8ef8-4b3494736917] Registry connection listener to current client:com.alibaba.nacos.client.naming.remote.gprc.redo.NamingGrpcRedoService
17:56:08:021  INFO 17916 --- [main] com.alibaba.nacos.common.remote.client   : [0ef6af92-8c6d-48b6-8ef8-4b3494736917] Register server push request handler:com.alibaba.nacos.client.naming.remote.gprc.NamingPushRequestHandler
17:56:08:022  INFO 17916 --- [main] com.alibaba.nacos.common.remote.client   : [0ef6af92-8c6d-48b6-8ef8-4b3494736917] Try to connect to server on start up, server: {serverIp = '192.168.254.128', server main port = 8848}
17:56:08:149  INFO 17916 --- [main] com.alibaba.nacos.common.remote.client   : [0ef6af92-8c6d-48b6-8ef8-4b3494736917] Success to connect to server [192.168.254.128:8848] on start up, connectionId = 1740131767892_192.168.254.1_54359
17:56:08:149  INFO 17916 --- [main] com.alibaba.nacos.common.remote.client   : [0ef6af92-8c6d-48b6-8ef8-4b3494736917] Register server push request handler:com.alibaba.nacos.common.remote.client.RpcClient$ConnectResetRequestHandler
17:56:08:149  INFO 17916 --- [com.alibaba.nacos.client.remote.worker] com.alibaba.nacos.common.remote.client   : [0ef6af92-8c6d-48b6-8ef8-4b3494736917] Notify connected event to listeners.
17:56:08:149  INFO 17916 --- [main] com.alibaba.nacos.common.remote.client   : [0ef6af92-8c6d-48b6-8ef8-4b3494736917] Register server push request handler:com.alibaba.nacos.common.remote.client.RpcClient$$Lambda$577/0x00000007c078bc40
17:56:08:179  INFO 17916 --- [main] o.s.b.w.embedded.tomcat.TomcatWebServer  : Tomcat started on port(s): 8084 (http) with context path ''
17:56:08:190  INFO 17916 --- [main] c.a.c.n.registry.NacosServiceRegistry    : nacos registry, DEFAULT_GROUP user-service 172.29.36.66:8084 register finished
17:56:08:705  INFO 17916 --- [nacos-grpc-client-executor-5] com.alibaba.nacos.common.remote.client   : [0ef6af92-8c6d-48b6-8ef8-4b3494736917] Receive server push request, request = NotifySubscriberRequest, requestId = 19
17:56:08:708  INFO 17916 --- [nacos-grpc-client-executor-5] com.alibaba.nacos.common.remote.client   : [0ef6af92-8c6d-48b6-8ef8-4b3494736917] Ack server push request, request = NotifySubscriberRequest, requestId = 19
17:56:10:717  INFO 17916 --- [main] d.s.w.p.DocumentationPluginsBootstrapper : Documentation plugins bootstrapped
17:56:10:721  INFO 17916 --- [main] d.s.w.p.DocumentationPluginsBootstrapper : Found 1 custom documentation plugin(s)
17:56:10:751  INFO 17916 --- [main] s.d.s.w.s.ApiListingReferenceScanner     : Scanning for api listing references
17:56:10:915  INFO 17916 --- [main] com.hmall.user.UserApplication           : Started UserApplication in 33.729 seconds (JVM running for 66.407)
17:56:10:926  INFO 17916 --- [main] c.a.c.n.refresh.NacosContextRefresher    : [Nacos Config] Listening config: dataId=user-service.yaml, group=DEFAULT_GROUP
17:56:10:927  INFO 17916 --- [main] c.a.c.n.refresh.NacosContextRefresher    : [Nacos Config] Listening config: dataId=user-service-local.yaml, group=DEFAULT_GROUP
17:56:10:928  INFO 17916 --- [main] c.a.c.n.refresh.NacosContextRefresher    : [Nacos Config] Listening config: dataId=user-service, group=DEFAULT_GROUP
17:56:55:651 ERROR 17916 --- [timeoutChecker_1_1] i.s.c.r.netty.NettyClientChannelManager  : no available service found in cluster 'default', please make sure registry config correct and keep your seata server running
17:56:56:102 ERROR 17916 --- [timeoutChecker_2_1] i.s.c.r.netty.NettyClientChannelManager  : no available service found in cluster 'default', please make sure registry config correct and keep your seata server running
17:57:05:652 ERROR 17916 --- [timeoutChecker_1_1] i.s.c.r.netty.NettyClientChannelManager  : no available service found in cluster 'default', please make sure registry config correct and keep your seata server running
17:57:06:101 ERROR 17916 --- [timeoutChecker_2_1] i.s.c.r.netty.NettyClientChannelManager  : no available service found in cluster 'default', please make sure registry config correct and keep your seata server running
17:57:15:645 ERROR 17916 --- [timeoutChecker_1_1] i.s.c.r.netty.NettyClientChannelManager  : no available service found in cluster 'default', please make sure registry config correct and keep your seata server running
17:57:16:096 ERROR 17916 --- [timeoutChecker_2_1] i.s.c.r.netty.NettyClientChannelManager  : no available service found in cluster 'default', please make sure registry config correct and keep your seata server running
17:57:25:648 ERROR 17916 --- [timeoutChecker_1_1] i.s.c.r.netty.NettyClientChannelManager  : no available service found in cluster 'default', please make sure registry config correct and keep your seata server running
17:57:26:096 ERROR 17916 --- [timeoutChecker_2_1] i.s.c.r.netty.NettyClientChannelManager  : no available service found in cluster 'default', please make sure registry config correct and keep your seata server running
17:57:35:642 ERROR 17916 --- [timeoutChecker_1_1] i.s.c.r.netty.NettyClientChannelManager  : no available service found in cluster 'default', please make sure registry config correct and keep your seata server running
17:57:36:093 ERROR 17916 --- [timeoutChecker_2_1] i.s.c.r.netty.NettyClientChannelManager  : no available service found in cluster 'default', please make sure registry config correct and keep your seata server running
17:57:45:649 ERROR 17916 --- [timeoutChecker_1_1] i.s.c.r.netty.NettyClientChannelManager  : no available service found in cluster 'default', please make sure registry config correct and keep your seata server running
17:57:46:100 ERROR 17916 --- [timeoutChecker_2_1] i.s.c.r.netty.NettyClientChannelManager  : no available service found in cluster 'default', please make sure registry config correct and keep your seata server running
17:57:55:641 ERROR 17916 --- [timeoutChecker_1_1] i.s.c.r.netty.NettyClientChannelManager  : no available service found in cluster 'default', please make sure registry config correct and keep your seata server running
17:57:56:090 ERROR 17916 --- [timeoutChecker_2_1] i.s.c.r.netty.NettyClientChannelManager  : no available service found in cluster 'default', please make sure registry config correct and keep your seata server running
17:58:05:647 ERROR 17916 --- [timeoutChecker_1_1] i.s.c.r.netty.NettyClientChannelManager  : no available service found in cluster 'default', please make sure registry config correct and keep your seata server running
17:58:06:098 ERROR 17916 --- [timeoutChecker_2_1] i.s.c.r.netty.NettyClientChannelManager  : no available service found in cluster 'default', please make sure registry config correct and keep your seata server running
17:58:15:639 ERROR 17916 --- [timeoutChecker_1_1] i.s.c.r.netty.NettyClientChannelManager  : no available service found in cluster 'default', please make sure registry config correct and keep your seata server running
17:58:16:089 ERROR 17916 --- [timeoutChecker_2_1] i.s.c.r.netty.NettyClientChannelManager  : no available service found in cluster 'default', please make sure registry config correct and keep your seata server running
17:58:25:643 ERROR 17916 --- [timeoutChecker_1_1] i.s.c.r.netty.NettyClientChannelManager  : no available service found in cluster 'default', please make sure registry config correct and keep your seata server running
17:58:26:095 ERROR 17916 --- [timeoutChecker_2_1] i.s.c.r.netty.NettyClientChannelManager  : no available service found in cluster 'default', please make sure registry config correct and keep your seata server running
17:58:35:642 ERROR 17916 --- [timeoutChecker_1_1] i.s.c.r.netty.NettyClientChannelManager  : no available service found in cluster 'default', please make sure registry config correct and keep your seata server running
17:58:36:092 ERROR 17916 --- [timeoutChecker_2_1] i.s.c.r.netty.NettyClientChannelManager  : no available service found in cluster 'default', please make sure registry config correct and keep your seata server running
17:58:45:649 ERROR 17916 --- [timeoutChecker_1_1] i.s.c.r.netty.NettyClientChannelManager  : no available service found in cluster 'default', please make sure registry config correct and keep your seata server running
17:58:46:099 ERROR 17916 --- [timeoutChecker_2_1] i.s.c.r.netty.NettyClientChannelManager  : no available service found in cluster 'default', please make sure registry config correct and keep your seata server running
17:58:55:645 ERROR 17916 --- [timeoutChecker_1_1] i.s.c.r.netty.NettyClientChannelManager  : no available service found in cluster 'default', please make sure registry config correct and keep your seata server running
17:58:56:097 ERROR 17916 --- [timeoutChecker_2_1] i.s.c.r.netty.NettyClientChannelManager  : no available service found in cluster 'default', please make sure registry config correct and keep your seata server running
17:59:05:644 ERROR 17916 --- [timeoutChecker_1_1] i.s.c.r.netty.NettyClientChannelManager  : no available service found in cluster 'default', please make sure registry config correct and keep your seata server running
17:59:06:096 ERROR 17916 --- [timeoutChecker_2_1] i.s.c.r.netty.NettyClientChannelManager  : no available service found in cluster 'default', please make sure registry config correct and keep your seata server running
17:59:15:653 ERROR 17916 --- [timeoutChecker_1_1] i.s.c.r.netty.NettyClientChannelManager  : no available service found in cluster 'default', please make sure registry config correct and keep your seata server running
17:59:16:102 ERROR 17916 --- [timeoutChecker_2_1] i.s.c.r.netty.NettyClientChannelManager  : no available service found in cluster 'default', please make sure registry config correct and keep your seata server running
17:59:25:652 ERROR 17916 --- [timeoutChecker_1_1] i.s.c.r.netty.NettyClientChannelManager  : no available service found in cluster 'default', please make sure registry config correct and keep your seata server running
17:59:26:103 ERROR 17916 --- [timeoutChecker_2_1] i.s.c.r.netty.NettyClientChannelManager  : no available service found in cluster 'default', please make sure registry config correct and keep your seata server running
17:59:35:645 ERROR 17916 --- [timeoutChecker_1_1] i.s.c.r.netty.NettyClientChannelManager  : no available service found in cluster 'default', please make sure registry config correct and keep your seata server running
17:59:36:093 ERROR 17916 --- [timeoutChecker_2_1] i.s.c.r.netty.NettyClientChannelManager  : no available service found in cluster 'default', please make sure registry config correct and keep your seata server running
17:59:45:643 ERROR 17916 --- [timeoutChecker_1_1] i.s.c.r.netty.NettyClientChannelManager  : no available service found in cluster 'default', please make sure registry config correct and keep your seata server running
17:59:46:092 ERROR 17916 --- [timeoutChecker_2_1] i.s.c.r.netty.NettyClientChannelManager  : no available service found in cluster 'default', please make sure registry config correct and keep your seata server running
17:59:55:640 ERROR 17916 --- [timeoutChecker_1_1] i.s.c.r.netty.NettyClientChannelManager  : no available service found in cluster 'default', please make sure registry config correct and keep your seata server running
17:59:56:090 ERROR 17916 --- [timeoutChecker_2_1] i.s.c.r.netty.NettyClientChannelManager  : no available service found in cluster 'default', please make sure registry config correct and keep your seata server running
18:00:05:650 ERROR 17916 --- [timeoutChecker_1_1] i.s.c.r.netty.NettyClientChannelManager  : no available service found in cluster 'default', please make sure registry config correct and keep your seata server running
18:00:06:098 ERROR 17916 --- [timeoutChecker_2_1] i.s.c.r.netty.NettyClientChannelManager  : no available service found in cluster 'default', please make sure registry config correct and keep your seata server running
18:00:15:640 ERROR 17916 --- [timeoutChecker_1_1] i.s.c.r.netty.NettyClientChannelManager  : no available service found in cluster 'default', please make sure registry config correct and keep your seata server running
18:00:16:087 ERROR 17916 --- [timeoutChecker_2_1] i.s.c.r.netty.NettyClientChannelManager  : no available service found in cluster 'default', please make sure registry config correct and keep your seata server running
18:00:25:639 ERROR 17916 --- [timeoutChecker_1_1] i.s.c.r.netty.NettyClientChannelManager  : no available service found in cluster 'default', please make sure registry config correct and keep your seata server running
18:00:26:092 ERROR 17916 --- [timeoutChecker_2_1] i.s.c.r.netty.NettyClientChannelManager  : no available service found in cluster 'default', please make sure registry config correct and keep your seata server running
18:00:35:642 ERROR 17916 --- [timeoutChecker_1_1] i.s.c.r.netty.NettyClientChannelManager  : no available service found in cluster 'default', please make sure registry config correct and keep your seata server running
18:00:36:093 ERROR 17916 --- [timeoutChecker_2_1] i.s.c.r.netty.NettyClientChannelManager  : no available service found in cluster 'default', please make sure registry config correct and keep your seata server running
18:00:45:642 ERROR 17916 --- [timeoutChecker_1_1] i.s.c.r.netty.NettyClientChannelManager  : no available service found in cluster 'default', please make sure registry config correct and keep your seata server running
18:00:46:094 ERROR 17916 --- [timeoutChecker_2_1] i.s.c.r.netty.NettyClientChannelManager  : no available service found in cluster 'default', please make sure registry config correct and keep your seata server running
18:00:55:650 ERROR 17916 --- [timeoutChecker_1_1] i.s.c.r.netty.NettyClientChannelManager  : no available service found in cluster 'default', please make sure registry config correct and keep your seata server running
18:00:56:102 ERROR 17916 --- [timeoutChecker_2_1] i.s.c.r.netty.NettyClientChannelManager  : no available service found in cluster 'default', please make sure registry config correct and keep your seata server running
18:01:05:639 ERROR 17916 --- [timeoutChecker_1_1] i.s.c.r.netty.NettyClientChannelManager  : no available service found in cluster 'default', please make sure registry config correct and keep your seata server running
18:01:06:099 ERROR 17916 --- [timeoutChecker_2_1] i.s.c.r.netty.NettyClientChannelManager  : no available service found in cluster 'default', please make sure registry config correct and keep your seata server running
18:01:15:653 ERROR 17916 --- [timeoutChecker_1_1] i.s.c.r.netty.NettyClientChannelManager  : no available service found in cluster 'default', please make sure registry config correct and keep your seata server running
18:01:16:088 ERROR 17916 --- [timeoutChecker_2_1] i.s.c.r.netty.NettyClientChannelManager  : no available service found in cluster 'default', please make sure registry config correct and keep your seata server running
18:01:25:645 ERROR 17916 --- [timeoutChecker_1_1] i.s.c.r.netty.NettyClientChannelManager  : no available service found in cluster 'default', please make sure registry config correct and keep your seata server running
18:01:26:096 ERROR 17916 --- [timeoutChecker_2_1] i.s.c.r.netty.NettyClientChannelManager  : no available service found in cluster 'default', please make sure registry config correct and keep your seata server running
18:01:35:651 ERROR 17916 --- [timeoutChecker_1_1] i.s.c.r.netty.NettyClientChannelManager  : no available service found in cluster 'default', please make sure registry config correct and keep your seata server running
18:01:36:101 ERROR 17916 --- [timeoutChecker_2_1] i.s.c.r.netty.NettyClientChannelManager  : no available service found in cluster 'default', please make sure registry config correct and keep your seata server running
18:01:45:651 ERROR 17916 --- [timeoutChecker_1_1] i.s.c.r.netty.NettyClientChannelManager  : no available service found in cluster 'default', please make sure registry config correct and keep your seata server running
18:01:46:088 ERROR 17916 --- [timeoutChecker_2_1] i.s.c.r.netty.NettyClientChannelManager  : no available service found in cluster 'default', please make sure registry config correct and keep your seata server running
18:01:55:642 ERROR 17916 --- [timeoutChecker_1_1] i.s.c.r.netty.NettyClientChannelManager  : no available service found in cluster 'default', please make sure registry config correct and keep your seata server running
18:01:56:092 ERROR 17916 --- [timeoutChecker_2_1] i.s.c.r.netty.NettyClientChannelManager  : no available service found in cluster 'default', please make sure registry config correct and keep your seata server running
